======== diagnostics for . =========
 0:00:00.182
======== diagnostics for A1 =========
[Discriminant(A1)]not implemented
 0:00:00.053
======== diagnostics for 2A2 =========
[Series(2A2)]^1 not equal to pi(A2)
 0:00:00.079
======== diagnostics for A2 =========
[Discriminant(A2)]not implemented
 0:00:00.107
======== diagnostics for I2(5) =========
[GaloisAutomorphisms(I2(5))]not Galois stable
[GaloisAutomorphisms(I2(5))]not Galois stable
[Discriminant(I2(5))]not implemented
[UniDegClassical(I2(5))]Deg(01,0,01,,)=-ud where ud=ER(5)/5qP1^2P2
 0:00:00.169
======== diagnostics for B2 =========
[Discriminant(B2)]not implemented
 0:00:00.185
======== diagnostics for G2 =========
[UniDegClassical(G2)]Deg(01,01,0,,,0)=-ud where ud=1/6qP1^2P6
[UniDegClassical(G2)]Deg(01,0,0,01,,)=-ud where ud=1/3qP1^2P2^2
[UniDegClassical(G2)]Deg(01,01,,0,0,)=-ud where ud=1/3qP1^2P2^2
 0:00:00.251
======== diagnostics for A3 =========
[Discriminant(A3)]not implemented
 0:00:00.379
======== diagnostics for 2Bsym2 =========
[UniDegClassical(2Bsym2)]Deg(02,,0,0)=-ud where ud=1
[FakeDegClassical(2Bsym2)]Deg(1,1,0,0)=-fd where fd=qP1P2
[Series(2Bsym2)]1/2-series R^{2Bsym2}_{(q-1)(q+1)}() W_G(L,c)=Z2 translation=
1 actual eigen differ from predicted eigen
[Series(2Bsym2)][1/1,1/2] of 

          |11
______________
actual    | 1
,
          |11
______________
predicted | I
 0:00:00.073
======== diagnostics for 2Gsym2 =========
[Series(2Gsym2)]1/2-series R^{2Gsym2}_{(q-1)(q+1)}() W_G(L,c)=Z2 translation=
1 actual eigen differ from predicted eigen
[Series(2Gsym2)][1/1,1/2] of 

          |11
______________
actual    | 1
,
          |   11
_________________
predicted |-E3^2
 0:00:00.116
======== diagnostics for 2I2(5) =========
[UniDegClassical(2I2(5))]Deg(02,,0,0,0)=-ud where ud=1
[UniDegClassical(2I2(5))]Deg(01,0,,,01)=(-5+ER(5))/10qP1P'10 but ud=
(5+ER(5))/10qP1P"10
[UniDegClassical(2I2(5))]Deg(01,,0,1,0)=(5+ER(5))/10qP1P"10 but ud=
(5-ER(5))/10qP1P'10
[UniDegClassical(2I2(5))]Deg(01,,1,0,0)=-ud where ud=-ER(5)/5qP1P2^2
[UniDegClassical(2I2(5))]Deg(01,,0,0,1)=-ud where ud=-ER(5)/5qP1P2^2
[FakeDegClassical(2I2(5))]Deg(1,1,0,0,0)=E5^2fd where fd=qP1P3
[FakeDegClassical(2I2(5))]Deg(1,0,1,0,0)=E5^3fd where fd=q^2P1
[Series(2I2(5))]^1 not equal to pi(I2(5))
[Series(2I2(5))]1/10-series R^{2I2(5)}_{(q^2+(-1-ER(5))/2q+1)}() W_G(L,c)=
Z5predicted eigenvalues cannot match actual
 0:00:00.122
======== diagnostics for 2Isym2(8) =========
[UniDegClassical(2Isym2(8))]Deg(02,,0,0,0,0,0,0)=-ud where ud=1
[UniDegClassical(2Isym2(8))]Deg(01,0,,,01,0,0,0)=-ud where ud=
(-E16^5+E16^3)/4qP1P2P'16
[UniDegClassical(2Isym2(8))]Deg(01,0,,0,0,,01,0)=-ud where ud=
(-E16^7-E16^5+E16^3+E16)/8qP1P2(q+E16^9)(q+E16^13)(q+E16^3)(q+E16^7)
[UniDegClassical(2Isym2(8))]Deg(01,0,0,,,0,01,0)=-ud where ud=
(-E16^7+E16^5-E16^3+E16)/8qP1P2(q+E16^9)(q+E16^11)(q+E16^5)(q+E16^7)
[FakeDegClassical(2Isym2(8))]Deg(1,1,0,0,0,0,0,0)=Ifd where fd=qP1P2P3P6
[FakeDegClassical(2Isym2(8))]Deg(1,0,1,0,0,0,0,0)=E8^3fd where fd=q^2P1P2P4
[FakeDegClassical(2Isym2(8))]Deg(1,0,0,1,0,0,0,0)=-fd where fd=q^3P1P2
[Series(2Isym2(8))]1/2-series R^{2Isym2(8)}_{(q-1)(q+1)}() W_G(L,c)=Z2 
translation=1 actual eigen differ from predicted eigen
[Series(2Isym2(8))][1/1,1/2] of 

          |11
______________
actual    | 1
,
          |11
______________
predicted |E8
 0:00:00.247
======== diagnostics for G5 =========
 0:00:00.385
======== diagnostics for 2A3 =========
 0:00:00.206
======== diagnostics for G4 =========
[G4_22indexClasses(G4)]
indexclasses |7 16 21 27 31 37
_______________________________
fusion to G7 |3  5  7  9 11 14
classtext    |7 16 21 27 31 37
 0:00:00.486
======== diagnostics for G9 =========
[G4_22indexClasses(G9)]
 indexclasses | 4 10 16 22 42 48 54 60 64 70 76 82
___________________________________________________
fusion to G11 |16 22  4 10 54 60 42 48 76 82 64 70
classtext     | 4 10 16 22 42 48 54 60 64 70 76 82
 0:00:01.482
======== diagnostics for G12 =========
[G4_22indexClasses(G12)]
 indexclasses |13 25 45 57 64 76 91
____________________________________
fusion to G11 | 2  3  4  5  6  7  8
classtext     |13 25 45 57 64 76 91
 0:00:00.906
======== diagnostics for G13 =========
 0:00:00.753
======== diagnostics for 3D4 =========
 0:00:00.415
======== diagnostics for 2A4 =========
[Series(2A4)]^1 not equal to pi(A4)
 0:00:00.355
======== diagnostics for G312 =========
[DegreesFromHC(G312)((q-1)^2)]Parameter: computed:[1,1] stored:[[1,0,0],1] 
for G312
[Discriminant(G312)]not implemented
 0:00:00.606
======== diagnostics for G333 =========
[Discriminant(G333)]not implemented
 0:00:00.915
======== diagnostics for B3 =========
[Discriminant(B3)]not implemented
 0:00:00.546
======== diagnostics for C3 =========
[Discriminant(C3)]not implemented
 0:00:00.728
======== diagnostics for A4 =========
[Discriminant(A4)]not implemented
 0:00:00.641
======== diagnostics for G7 =========
 0:00:00.812
======== diagnostics for G10 =========
 0:00:02.038
======== diagnostics for G22 =========
[GaloisAutomorphisms(G22)]k_W=NF(20,[ 1, 9 ]) but matrices over CF(20)
[G4_22indexClasses(G22)]
 indexclasses |16 31 46 61 76 96 111 126 141 160 175 190 205 214 229 244 259
_____________________________________________________________________________
fusion to G19 | 2  3  4  5  6  7   8   9  10  11  12  13  14  15  16  17  18
classtext     |16 31 46 61 76 96 111 126 141 160 175 190 205 214 229 244 259
 0:00:26.270
======== diagnostics for G443 =========
[LusztigInduction(G443)]#I WARNING: ambiguity in scalars:[[1,E(8)^7],[1,
E(8)^3]]
[LusztigInduction(G443)]#I WARNING: ambiguity in scalars:[[1,E(8)^5],[1,E(8)]]
[Discriminant(G443)]not implemented
[UniDegClassical(G443)]Deg(02,01,,)=-ud where ud=(I+1)/4qP1^2P3P'8
[UniDegClassical(G443)]Deg(01,02,,)=-ud where ud=(-I+1)/4qP1^2P3P"8
[UniDegClassical(G443)]Deg(012,012,1,0)=-ud where ud=(-I+1)/4q^5P1^2P3P"8
[UniDegClassical(G443)]Deg(012,012,0,1)=-ud where ud=(I+1)/4q^5P1^2P3P'8
[Series(G443)]# WGL:2/4 fix c
[Series(G443)]1/2-series R^{G443}_{B?2(-I-1)[I]<46,2>.(q+1)}(11.) W_G(L,c)=
Z2non-integral ratio=1/2
[Series(G443)]# WGL:2/4 fix c
[Series(G443)]1/2-series R^{G443}_{B?2(-I-1)[I]<46,2>.(q+1)}(.2) W_G(L,c)=
Z2non-integral ratio=1/2
 0:00:01.239
======== diagnostics for H3 =========
[GaloisAutomorphisms(H3)]not Galois stable
[GaloisAutomorphisms(H3)]not Galois stable
[Series(H3)]1/2-series R^{H3}_{2I2(5).(q+1)}(2I2(5)[1,3]) W_G(L,c)=Z2 actual 
eigen differ from predicted eigen
[Series(H3)]predicted=-1*actual
[Series(H3)]1/2-series R^{H3}_{2I2(5).(q+1)}(2I2(5)[1,7]) W_G(L,c)=Z2 actual 
eigen differ from predicted eigen
[Series(H3)]predicted=-1*actual
[Series(H3)]should not have perm
[Series(H3)]should not have perm
 0:00:02.647
======== diagnostics for 2D4 =========
[HCSeries(2D4)]para=Permuted(stored para),(1,2)
[Series(2D4)]1/2-series R^{2D4}_{(q-1)(q+1)^3}() W_G(L,c)=B?3(-1)<2,3,1> 
actual eigen differ from predicted eigen
[Series(2D4)][1/1,5/10] of 

          |111. .111 21. 2.1 1.2
_________________________________
actual    |   1    1   1   1   1
,
          |111. .111 21. 2.1 1.2
_________________________________
predicted |  -1   -1  -1  -1  -1
[Series(2D4)]1/4-series R^{2D4}_{A1<2>xA1<1>.(q^2+1)}(11,11) W_G(L,c)=Z4 
translation=2 actual eigen differ from predicted eigen
[Series(2D4)][1/1,3/4] of 

          |111. .111 1.2
_________________________
actual    |   1    1   1
,
          |111. .111 1.2
_________________________
predicted |  -1   -1  -1
[Series(2D4)]# WGL:2/4 fix c
[Series(2D4)]# WGL:2/4 fix c
 0:00:00.816
======== diagnostics for G6 =========
[Series(G6)]should not have perm
 0:00:02.322
======== diagnostics for 2A5 =========
[Series(2A5)]^1 not equal to pi(A5)
[Series(2A5)]1/4-series R^{2A5}_{A1<3>.(q-1)(q+1)(q^2+1)}(11) W_G(L,c)=Z4 
translation=2 actual eigen differ from predicted eigen
[Series(2A5)][1/1,3/4] of 

          |2.1 .111 11.1
_________________________
actual    |  1    1    1
,
          |2.1 .111 11.1
_________________________
predicted |-E3   E3   E3
[Series(2A5)]1/6-series R^{2A5}_{(q+1)(q^2-q+1)^2}() W_G(L,c)=G312(-ER(-3)/3) 
actual eigen differ from predicted eigen
[Series(2A5)]predicted=E(3)^2*actual
 0:00:00.998
======== diagnostics for 2Fsym4 =========
[Series(2Fsym4)]1/2-series R^{2Fsym4}_{2Bsym2<2,3>.(q-1)(q+1)}(2B2[1,3]) 
W_G(L,c)=Z2 [9,12]x[10,13] chars candidates: using RLG
[Series(2Fsym4)]1/2-series R^{2Fsym4}_{2Bsym2<2,3>.(q-1)(q+1)}(2B2[1,3]) 
W_G(L,c)=Z2 translation=1 actual eigen differ from predicted eigen
[Series(2Fsym4)][1/1,1/2] of 

          |2B2[1,3]:11
_______________________
actual    |       E8^3
,
          |2B2[1,3]:11
_______________________
predicted |     E24^11
[Series(2Fsym4)]1/2-series R^{2Fsym4}_{2Bsym2<2,3>.(q-1)(q+1)}(2B2[1,5]) 
W_G(L,c)=Z2 [9,12]x[10,13] chars candidates: using RLG
[Series(2Fsym4)]1/2-series R^{2Fsym4}_{2Bsym2<2,3>.(q-1)(q+1)}(2B2[1,5]) 
W_G(L,c)=Z2 translation=1 actual eigen differ from predicted eigen
[Series(2Fsym4)][1/1,1/2] of 

          |2B2[1,5]:11
_______________________
actual    |       E8^5
,
          |2B2[1,5]:11
_______________________
predicted |     E24^17
[Series(2Fsym4)]1/2-series R^{2Fsym4}_{(q-1)^2(q+1)^2}() W_G(L,c)=
I?(1+1/2*E(8)-1/2*E(8)^3)(8) actual eigen differ from predicted eigen
[Series(2Fsym4)][1/1,2/7] of 

          |phi{2,1} phi{2,3}
_____________________________
actual    |       1        1
,
          |phi{2,1} phi{2,3}
_____________________________
predicted |      -1       -1
[Series(2Fsym4)]1/8-series R^{2Fsym4}_{(q^2-ER(2)q+1)^2}() W_G(L,c)=G8 actual 
eigen differ from predicted eigen
[Series(2Fsym4)][1/1,12/16] of 

          |phi{1,0} phi{1,8} 2B2[1,3]:2 2B2[1,5]:2 2F4[-1]
___________________________________________________________
actual    |       1        1       E8^3       E8^5      -1

          |2F4^4[-1] 2B2[1,3]:11 2B2[1,5]:11 phi{1,4}' 2F4^2[I]
________________________________________________________________
actual    |       -1        E8^3        E8^5         1        I

          |2F4^2[-I] phi{1,4}''
________________________________
actual    |       -I          1
,
          |phi{1,0} phi{1,8} 2B2[1,3]:2 2B2[1,5]:2 2F4[-1]
___________________________________________________________
predicted |      -1       -1         E8       E8^7       1

          |2F4^4[-1] 2B2[1,3]:11 2B2[1,5]:11 phi{1,4}' 2F4^2[I]
________________________________________________________________
predicted |        1          E8        E8^7        -1       -I

          |2F4^2[-I] phi{1,4}''
________________________________
predicted |        I         -1
 0:00:01.374
======== diagnostics for G8 =========
[G4_22indexClasses(G8)]
 indexclasses |7 13 19 28 34 39 45 51 57 61 67 73 79 85 91
___________________________________________________________
fusion to G11 |3  5  7  9 11 13 15 17 19 21 23 26 28 30 32
classtext     |7 13 19 28 34 39 45 51 57 61 67 73 79 85 91
[Series(G8)]should not have perm
[Series(G8)]1/4-series R^{G8}_{Z4.(q-I)}(Z4^1022) W_G(L,c)=Z4 actual eigen 
differ from predicted eigen
[Series(G8)]predicted=-1*actual
 0:00:02.809
======== diagnostics for G24 =========
[Series(G24)]should not have perm
[Series(G24)]should not have perm
 0:00:04.210
======== diagnostics for D4 =========
[Discriminant(D4)]not implemented
 0:00:01.429
======== diagnostics for A5 =========
[Discriminant(A5)]not implemented
 0:00:04.900
======== diagnostics for G334 =========
[DegreesFromHC(G334)(G333.(q-1))]Parameter: computed:[3] stored:[[3,0,0]] for 
Z3
[Discriminant(G334)]not implemented
[HCSeries(G334)]charnum=Permuted(stored),(1,2,3)
[HCSeries(G334)]para[1] not found
[Series(G334)][ 2, 3, 2, 3, 2, 3 ]^2 not equal to pi(G632(1 -2E3 2E3^2))
[Series(G334)]1/3-series R^{G334}_{(q-1)(q-E3)^3}() W_G(L,c)=
G313((-3-ER(-3))/6) actual eigen differ from predicted eigen
[Series(G334)]Permuted columns:
G3,3,3[E3]:E3^2->G3,3,3[E3^2]:E3^2->G3,3,3[E3^2]:E3->G3,3,3[E3]:1->G3,3,
3[E3]:E3->G3,3,3[E3^2]:1
 0:00:04.916
======== diagnostics for B4 =========
[Discriminant(B4)]not implemented
 0:00:02.825
======== diagnostics for C4 =========
[Discriminant(C4)]not implemented
 0:00:02.607
======== diagnostics for F4 =========
[Series(F4)]1/3-series R^{F4}_{(q^2+q+1)^2}() W_G(L,c)=G5(2-ER(-3)) actual 
eigen differ from predicted eigen
[Series(F4)]Permuted columns:
F4[E3]->F4^2[1]
[Series(F4)]1/6-series R^{F4}_{(q^2-q+1)^2}() W_G(L,c)=G5(2-ER(-3)) actual 
eigen differ from predicted eigen
[Series(F4)]Permuted columns:
phi{12,4}->F4[E3]
 0:00:03.521
======== diagnostics for G15 =========
 0:00:04.118
======== diagnostics for G16 =========
[G4_22indexClasses(G16)]
 indexclasses |7 13 19 25 31 37 43 49 55 64 70 76 82 88 93 99 105 111 117 123
______________________________________________________________________________
fusion to G19 |3  5  7  9 11 13 15 17 19 21 23 25 27 29 31 33  35  37  39  41
classtext     |7 13 19 25 31 37 43 49 55 64 70 76 82 88 93 99 105 111 117 123

 indexclasses |129 135 141 147 151 157 163 169 175 181 187 193 199 205 211
___________________________________________________________________________
fusion to G19 | 43  45  47  49  51  53  55  57  59  62  64  66  68  70  72
classtext     |129 135 141 147 151 157 163 169 175 181 187 193 199 205 211

 indexclasses |217 223 229 235 241 247 253 259 265
___________________________________________________
fusion to G19 | 74  76  78  80  82  84  86  88  90
classtext     |217 223 229 235 241 247 253 259 265
 0:00:23.366
======== diagnostics for G20 =========
[G4_22indexClasses(G20)]
 indexclasses |11 21 31 41 51 66 76 86 91 101 111 121 131 141 155 165 175 185
______________________________________________________________________________
fusion to G19 | 6 11 16 21 26 31 36 41 46  51  56  61  66  71  76  81  86  91
classtext     |11 21 31 41 51 66 76 86 91 101 111 121 131 141 155 165 175 185

 indexclasses |195 205 219 229 239 249 259 269
_______________________________________________
fusion to G19 | 96 101 106 111 116 121 126 131
classtext     |195 205 219 229 239 249 259 269
 0:00:24.848
======== diagnostics for G25 =========
[Series(G25)]1/2-series R^{G25}_{(Z3xZ3)[-1,-1]<50,3>.(q+1)}(Z3) W_G(L,c)=
Z6:not enough left with predicted eigenvalues in [11/12,1/6,5/12,2/3]
[Series(G25)]1/6-series R^{G25}_{(q-E3^2)(q+E3^2)^2}() W_G(L,c)=G5 actual 
eigen differ from predicted eigen
[Series(G25)]Permuted columns:
Z3:1..1->Z3,Z3:E3->phi{6,4}''
 0:00:05.889
======== diagnostics for 2A6 =========
[Series(2A6)]^1 not equal to pi(A6)
[Series(2A6)]1/4-series R^{2A6}_{2A2<3,4>.(q-1)(q+1)(q^2+1)}(11) W_G(L,c)=Z4 
translation=2 actual eigen differ from predicted eigen
[Series(2A6)][1/1,3/4] of 

          |11.1 .111 2.1
_________________________
actual    |   1    1   1
,
          |11.1 .111 2.1
_________________________
predicted | -E3   E3 -E3
[Series(2A6)]1/4-series R^{2A6}_{2A2<3,4>.(q-1)(q+1)(q^2+1)}(2A2) W_G(L,c)=Z4 
translation=2 actual eigen differ from predicted eigen
[Series(2A6)][1/1,2/4] of 

          |2A2:11. 2A2:2.
__________________________
actual    |     -1     -1
,
          |2A2:11. 2A2:2.
__________________________
predicted |      1      1
[Series(2A6)]1/6-series R^{2A6}_{2A3<3,4,5>.(q+1)(q^2-q+1)}(.2) W_G(L,c)=
Z3non-integral ratio=3/2
[Series(2A6)]1/6-series R^{2A6}_{(q+1)^2(q^2-q+1)^2}() W_G(L,c)=
G312(-ER(-3)/3) actual eigen differ from predicted eigen
[Series(2A6)]predicted=E(3)*actual
 0:00:02.238
======== diagnostics for A6 =========
 0:00:05.048
======== diagnostics for D5 =========
[Series(D5)]# WGL:3/6 fix c
[Series(D5)]# WGL:3/6 fix c
 0:00:03.018
======== diagnostics for 2D5 =========
[Series(2D5)]1/2-series R^{2D5}_{D4<1,4,3,2>.(q+1)}(1.21) W_G(L,c)=Z2 
translation=1 actual eigen differ from predicted eigen
[Series(2D5)][1/1,1/2] of 

          |1.21
________________
actual    |   1
,
          |1.21
________________
predicted |   I
[Series(2D5)]1/3-series R^{2D5}_{(A1xA1)<2,1>.(q-1)(q^2+q+1)}(11) W_G(L,c)=Z6 
translation=3 actual eigen differ from predicted eigen
[Series(2D5)][1/1,3/6] of 

          |.22 .1111 .4
________________________
actual    |  1     1  1
,
          |.22 .1111 .4
________________________
predicted | -I    -I -I
[Series(2D5)]1/3-series R^{2D5}_{(A1xA1)<2,1>.(q-1)(q^2+q+1)}(2) W_G(L,c)=Z6 
translation=3 actual eigen differ from predicted eigen
[Series(2D5)][1/1,5/6] of 

          |1.21 22. 1.3 1111. 1.111
____________________________________
actual    |   1   1   1     1     1
,
          |1.21  22.  1.3 1111. 1.111
______________________________________
predicted |E8^5 E8^7 E8^5    E8  E8^5
[Series(2D5)]1/4-series R^{2D5}_{A3<2,3,1>.(q^2+1)}(22) W_G(L,c)=Z4 
translation=2 actual eigen differ from predicted eigen
[Series(2D5)][1/1,1/4] of 

          |3.1
_______________
actual    |  1
,
          |3.1
_______________
predicted | -1
[Series(2D5)]1/4-series R^{2D5}_{(q+1)(q^2+1)^2}() W_G(L,c)=G412(-1/2) actual 
eigen differ from predicted eigen
[Series(2D5)][1/1,6/14] of 

          |2.11 21.1 22. .22 1.21 11.2
_______________________________________
actual    |   1    1   1   1    1    1
,
          |2.11 21.1 22. .22 1.21 11.2
_______________________________________
predicted |  -1   -1  -1  -1   -1   -1
[Series(2D5)]# WGL:3/6 fix c
[Series(2D5)]# WGL:3/6 fix c
[Series(2D5)]1/6-series R^{2D5}_{A1xA1.(q+1)(q^2-q+1)}(2,2) W_G(L,c)=Z6 
translation=3 actual eigen differ from predicted eigen
[Series(2D5)][1/1,5/6] of 

          |22. .31 1.3 1.111 11.11
___________________________________
actual    |  1   1   1     1     1
,
          |22. .31 1.3 1.111 11.11
___________________________________
predicted | -1  -1  -1    -1    -1
 0:00:03.065
======== diagnostics for G14 =========
[G4_22indexClasses(G14)]
 indexclasses |64 68 72 76 80 84
_________________________________
fusion to G11 |76 80 84 64 68 72
classtext     |64 68 72 76 80 84
[Ennola(G14)]Ambiguity in Ennola
[Series(G14)]Hecke(G14,[E3^2q,E3^2q]) wrong set of SchurElements
[Series(G14)]1/3-series R^{G14}_{(q-E3)^2}() W_G(L,c)=G14 actual eigen differ 
from predicted eigen
[Series(G14)]Permuted columns:
phi{1,28}->G14^2[E3]->phi{2,8} phi{2,9}->G14[E3] phi{2,5}->G14^5[E3] phi{2,
11}->G14^6[E3] G14^2[1]->G14^4[E3] 
G14^2[E3^2]->G14[E9^2]->G14[E9^8]->G14[E9^5] phi{4,7}->Z3:E3^2
[Series(G14)]should not have perm
[Series(G14)]Hecke(G14,[-E3q,-E3q]) wrong set of SchurElements
[Series(G14)]1/6-series R^{G14}_{(q+E3^2)^2}() W_G(L,c)=G14 actual eigen 
differ from predicted eigen
[Series(G14)]Permuted columns:
G14[1]->G14^3[E3]->Z3:-1 phi{2,
12}->G14[-1]->G14^2[-1]->G14^6[-1]->G14^4[E3]->phi{3,4} 
G14[-E3]->G14^7[-1]->G14^2[-E3] Z3:-E3->G14^2[E9^2]->G14^2[E9^5] phi{4,
5}->G14[-E3^2]->Z3:1
[Series(G14)]should not have perm
 0:00:36.051
======== diagnostics for E6 =========
[Series(E6)]1/3-series R^{E6}_{(q^2+q+1)^3}() W_G(L,c)=G25 actual eigen 
differ from predicted eigen
[Series(E6)]Permuted columns:
E6[E3]->E6[E3^2]
[Series(E6)]1/6-series R^{E6}_{(q^2+q+1)(q^2-q+1)^2}() W_G(L,c)=G5 actual 
eigen differ from predicted eigen
[Series(E6)]Permuted columns:
E6[E3]->E6[E3^2]
 0:00:05.682
======== diagnostics for G11 =========
 0:00:13.127
======== diagnostics for G29 =========
[LusztigInduction(G29)]#I WARNING: ambiguity in scalars:[[1,E(8)^5],[1,E(8)]]
[LusztigInduction(G29)]#I WARNING: ambiguity in scalars:[[1,E(8)^5],[1,E(8)]]
[LusztigInduction(G29)]#I WARNING: ambiguity in scalars:[[1,E(8)^7],[1,
E(8)^3]]
[LusztigInduction(G29)]#I WARNING: ambiguity in scalars:[[1,E(8)^7],[1,
E(8)^3]]
[LusztigInduction(G29)]#I WARNING: ambiguity in scalars:[[1,E(8)^7],[1,
E(8)^3]]
[LusztigInduction(G29)]#I WARNING: ambiguity in scalars:[[1,E(8)^5],[1,E(8)]]
[LusztigInduction(G29)]Failed
[LusztigInduction(G29)]Failed
[LusztigInduction(G29)]Failed
[HCSeries(G29)]para[1] not found
[HCSeries(G29)]para[2] found at [ 1 ]
[Series(G29)]Failed
[Series(G29)]1/2-series R^{G29}_{G443[-1]<3,2,4>.(q+1)}(G4,4,3[I]) W_G(L,c)=
Z4:RLG failed
[Series(G29)]Failed
[Series(G29)]1/2-series R^{G29}_{G443[-1]<3,2,4>.(q+1)}(G4,4,3[-I]) W_G(L,c)=
Z4:RLG failed
[Series(G29)]should not have perm
[Series(G29)]fixing dimension of variety to be divisible by e=12
[Series(G29)]should not have perm
[Series(G29)]Failed
[Series(G29)]1/4-series R^{G29}_{G443[I]<3,2,4>.(q-I)}(G4,4,3[I]) W_G(L,c)=
Z4:RLG failed
[Series(G29)]1/4-series R^{G29}_{G443[I]<3,2,4>.(q-I)}(G4,4,3[I]) W_G(L,c)=Z4 
actual eigen differ from predicted eigen
[Series(G29)]predicted=E(4)*actual
[Series(G29)]Failed
[Series(G29)]1/4-series R^{G29}_{G443[I]<3,2,4>.(q-I)}(G4,4,3[-I]) W_G(L,c)=
Z4:RLG failed
[Series(G29)]1/4-series R^{G29}_{G443[I]<3,2,4>.(q-I)}(G4,4,3[-I]) W_G(L,c)=
Z4 actual eigen differ from predicted eigen
[Series(G29)]predicted=E(4)*actual
[Series(G29)]1/4-series R^{G29}_{B?2(-I-1)[-I]<2,3>.(q-I)^2}(1.1) W_G(L,c)=
G412(-I-1)<2,1> actual eigen differ from predicted eigen
[Series(G29)]Permuted columns:
G4,4,3[I]:-I->G4,4,3[-I]:-I
[Series(G29)]1/4-series R^{G29}_{(q-I)^4}() W_G(L,c)=G29 actual eigen differ 
from predicted eigen
[Series(G29)]Permuted columns:
G29[E8^3]->G29[E8^7]
[Series(G29)]should not have perm
[Series(G29)]fixing dimension of variety to be divisible by e=12
[Series(G29)]#I WARNING: ambiguity in scalars:[[1,E(8)^7],[1,E(8)^3]]
[Series(G29)]#I WARNING: ambiguity in scalars:[[1,E(8)^7],[1,E(8)^3]]
[Series(G29)]#I WARNING: ambiguity in scalars:[[1,E(8)^7],[1,E(8)^3]]
[Series(G29)]1/8-series R^{G29}_{2B?2(-I-1)[E8^3]<2,3>.(q^2-I)}(2B2[1,3]) 
W_G(L,c)=Z8 [[3,40],[7,39]]x[[4,68],[6,66]]x[[28,46],[31,44]]x[[29,62],[32,
61]] chars candidates: using RLG
[Series(G29)]1/8-series R^{G29}_{2B?2(-I-1)[E8^3]<2,3>.(q^2-I)}(2B2[1,3]) 
W_G(L,c)=Z8 actual eigen differ from predicted eigen
[Series(G29)]predicted=E(8)^3*actual
[Series(G29)]#I WARNING: ambiguity in scalars:[[1,E(8)^7],[1,E(8)^3]]
[Series(G29)]1/8-series R^{G29}_{2B?2(-I-1)[E8^3]<2,3>.(q^2-I)}(2B2[1,5]) 
W_G(L,c)=Z8 [[3,40],[7,39]]x[[4,68],[6,66]]x[[28,46],[31,44]]x[[29,62],[32,
61]] chars candidates: using RLG
[Series(G29)]1/8-series R^{G29}_{2B?2(-I-1)[E8^3]<2,3>.(q^2-I)}(2B2[1,5]) 
W_G(L,c)=Z8 actual eigen differ from predicted eigen
[Series(G29)]predicted=-E(8)*actual
[Series(G29)]fixing dimension of variety by xiL-xiG=6
 0:00:18.968
======== diagnostics for B5 =========
[HCSeries(B5)]para[1] found at [ 2 ]
[HCSeries(B5)]para[2] found at [ 1, 3 ]
[HCSeries(B5)]para[3] found at [ 2 ]
[ParameterExponents(B5)from B2.(q-1)^3:[ 5 ]]B2xA1<5>.(q-1)^2: wrong 
parameter 3 instead of 1
[Series(B5)]1/6-series R^{B5}_{B2.(q+1)(q^2-q+1)}(11.) W_G(L,c)=Z6 actual 
eigen differ from predicted eigen
[Series(B5)]predicted=-1*actual
[Series(B5)]1/6-series R^{B5}_{B2.(q+1)(q^2-q+1)}(B2) W_G(L,c)=Z6 actual 
eigen differ from predicted eigen
[Series(B5)]predicted=-1*actual
 0:00:09.261
======== diagnostics for C5 =========
[HCSeries(C5)]para=Permuted(stored para),(1,2)
[Series(C5)]1/6-series R^{C5}_{B2<2,1>.(q+1)(q^2-q+1)}(.2) W_G(L,c)=Z6 actual 
eigen differ from predicted eigen
[Series(C5)]predicted=-1*actual
[Series(C5)]1/6-series R^{C5}_{B2<2,1>.(q+1)(q^2-q+1)}(B2) W_G(L,c)=Z6 actual 
eigen differ from predicted eigen
[Series(C5)]predicted=-1*actual
 0:00:10.025
======== diagnostics for G26 =========
[Series(G26)]scals=[ [ 1 ], [ -1 ] ] unimplemented
[Series(G26)]1/2-series R^{G26}_{Z3[-1]<2>.(q+1)^2}(Z3) W_G(L,c)=
G622((-3+ER(-3))/6) actual eigen differ from predicted eigen
[Series(G26)]Permuted columns:
G26^2[-E3^2]->Z3:....2.->Z3:....11.->G26^3[E3^2] G26^2[E3^2]->G26^3[-E3^2]
[Series(G26)]1/2-series R^{G26}_{(q+1)^3}() W_G(L,c)=G26 actual eigen differ 
from predicted eigen
[Series(G26)]Permuted columns:
G26[I]->G26[-I] G26^2[1]->G26[-1] G26^2[-1]->G26^3[1]
[Series(G26)]scals=[ [ E(3) ], [ 1 ] ] unimplemented
[Series(G26)]1/3-series R^{A1[E3]<44>xZ3.(q-E3)}_{Z3<2>.(q-E3)^2}(E3^2) W_G(L,
c)=Z2 eigenvalue ratios=[ 1, E(3)^2 ]
[Series(G26)]fixing dimension of variety to be divisible by e=12
[Series(G26)]scals=[ [ E(3)^2 ], [ -1 ] ] unimplemented
[Series(G26)]1/6-series 
R^{A1[E3^2]<44>xZ3[-1].(q+E3^2)}_{Z3[-1]<2>.(q+E3^2)^2}(E3) W_G(L,c)=Z2 
eigenvalue ratios=[ 1, E(3) ]
[Series(G26)]1/6-series R^{G26}_{(q+E3^2)^3}() W_G(L,c)=G26 actual eigen 
differ from predicted eigen
[Series(G26)]Permuted columns:
G26[I]->G26[-I] phi{8,6}''->G26^2[-1] G4:1->phi{1,12}
[Series(G26)]should not have perm
[Series(G26)]fixing dimension of variety by xiL-xiG=8
 0:00:20.723
======== diagnostics for A7 =========
 0:00:05.713
======== diagnostics for 2E6 =========
[Series(2E6)]^1 not equal to pi(E6)
[Series(2E6)]1/4-series R^{2E6}_{A3<6,5,4>.(q+1)(q^2+1)}(22) W_G(L,c)=Z4 
translation=2 actual eigen differ from predicted eigen
[Series(2E6)][1/1,3/4] of 

          |phi{4,1} phi{4,13} phi{4,7}''
_________________________________________
actual    |       1         1          1
,
          |phi{4,1} phi{4,13} phi{4,7}''
_________________________________________
predicted |     E12        E3         E3
[Series(2E6)]1/4-series R^{2E6}_{(q+1)^2(q^2+1)^2}() W_G(L,c)=G8 actual eigen 
differ from predicted eigen
[Series(2E6)][1/1,7/16] of 

          |phi{6,6}'' phi{8,3}' phi{2,4}' phi{2,16}'' phi{8,9}''
_________________________________________________________________
actual    |         1         1         1           1          1

          |phi{6,6}' 2E6[1]
____________________________
actual    |        1      1
,
          |phi{6,6}'' phi{8,3}' phi{2,4}' phi{2,16}'' phi{8,9}''
_________________________________________________________________
predicted |        -1        -1        -1          -1         -1

          |phi{6,6}' 2E6[1]
____________________________
predicted |       -1     -1
[Series(2E6)]1/6-series R^{2E6}_{(q^2-q+1)^3}() W_G(L,c)=G25 actual eigen 
differ from predicted eigen
[Series(2E6)]Permuted columns:
2E6[E3]->2E6[E3^2]
 0:00:13.282
======== diagnostics for 2A7 =========
[Series(2A7)]^1 not equal to pi(A7)
[Series(2A7)]1/3-series R^{2A7}_{A1<4>.(q-1)(q+1)(q^2+q+1)(q^2-q+1)}(11) 
W_G(L,c)=Z6 translation=3 actual eigen differ from predicted eigen
[Series(2A7)][1/1,4/6] of 

          |.4 3.1 .1111 .22
____________________________
actual    | 1   1     1   1
,
          |   .4 3.1 .1111 .22
_______________________________
predicted |E20^3  E8    -I  -I
[Series(2A7)]1/3-series R^{2A7}_{A1<4>.(q-1)(q+1)(q^2+q+1)(q^2-q+1)}(2) W_G(L,
c)=Z6 translation=3 actual eigen differ from predicted eigen
[Series(2A7)][1/1,5/6] of 

          |1.111 1111. 1.3 22. 1.21
____________________________________
actual    |    1     1   1   1    1
,
          |1.111 1111.    1.3 22.  1.21
________________________________________
predicted |E12^7   E12 E12^11 -E3 E12^7
[Series(2A7)]1/4-series R^{2A7}_{2A3<3,4,5>.(q-1)(q+1)(q^2+1)}(1.1) W_G(L,c)=
Z4 translation=2 actual eigen differ from predicted eigen
[Series(2A7)][1/1,3/4] of 

          |111.1 1.111 3.1
___________________________
actual    |    1     1   1
,
          |111.1 1.111 3.1
___________________________
predicted |   E3    E3 -E3
[Series(2A7)]1/4-series R^{2A7}_{(q-1)^2(q+1)(q^2+1)^2}() W_G(L,c)=
G412((-I-1)/2) actual eigen differ from predicted eigen
[Series(2A7)][1/1,4/14] of 

          |2.2 2.11 11.2 11.11
_______________________________
actual    |  1    1    1     1
,
          |2.2 2.11 11.2 11.11
_______________________________
predicted | -1   -1   -1    -1
[Series(2A7)]1/10-series R^{2A7}_{2A2<4,5>.(q+1)(q^4-q^3+q^2-q+1)}(2A2) W_G(L,
c)=Z5non-integral ratio=5/2
 0:00:09.848
======== diagnostics for G17 =========
 0:00:42.744
======== diagnostics for H4 =========
[GaloisAutomorphisms(H4)]not Galois stable
[GaloisAutomorphisms(H4)]not Galois stable
[Series(H4)]1/2-series R^{H4}_{H3.(q+1)}(phi{4,3}) W_G(L,c)=Z2 [18,20]x[19,
21] chars candidates: using RLG
[Series(H4)]1/2-series R^{H4}_{H3.(q+1)}(phi{4,4}) W_G(L,c)=Z2 [18,20]x[19,
21] chars candidates: using RLG
[Series(H4)]1/2-series R^{H4}_{2I2(5).(q+1)^2}(2I2(5)[1,3]) W_G(L,c)=
I?(-18*E(5)-7*E(5)^2-7*E(5)^3-18*E(5)^4)(10)<2,1> actual eigen differ from 
predicted eigen
[Series(H4)][1/1,4/8] of 

          |I2(5)[1,3]:phi{1,0} I2(5)[1,3]:phi{1,5}'
____________________________________________________
actual    |               E5^2                 E5^2

          |I2(5)[1,3]:phi{1,5}'' I2(5)[1,3]:phi{1,10}
______________________________________________________
actual    |                 E5^2                 E5^2
,
          |I2(5)[1,3]:phi{1,0} I2(5)[1,3]:phi{1,5}'
____________________________________________________
predicted |              -E5^2                -E5^2

          |I2(5)[1,3]:phi{1,5}'' I2(5)[1,3]:phi{1,10}
______________________________________________________
predicted |                -E5^2                -E5^2
[Series(H4)]1/2-series R^{H4}_{2I2(5).(q+1)^2}(2I2(5)[1,7]) W_G(L,c)=
I?(-18*E(5)-7*E(5)^2-7*E(5)^3-18*E(5)^4)(10)<2,1> actual eigen differ from 
predicted eigen
[Series(H4)][1/1,4/8] of 

          |I2(5)[1,2]:phi{1,0} I2(5)[1,2]:phi{1,5}'
____________________________________________________
actual    |               E5^3                 E5^3

          |I2(5)[1,2]:phi{1,5}'' I2(5)[1,2]:phi{1,10}
______________________________________________________
actual    |                 E5^3                 E5^3
,
          |I2(5)[1,2]:phi{1,0} I2(5)[1,2]:phi{1,5}'
____________________________________________________
predicted |              -E5^3                -E5^3

          |I2(5)[1,2]:phi{1,5}'' I2(5)[1,2]:phi{1,10}
______________________________________________________
predicted |                -E5^3                -E5^3
[Series(H4)]1/2-series R^{H4}_{(q+1)^4}() W_G(L,c)=H4 actual eigen differ 
from predicted eigen
[Series(H4)]Permuted columns:
H3[I]:2->H3[-I]:2->H3[I]:11
[Series(H4)]1/3-series R^{H4}_{(q^2+q+1)^2}() W_G(L,c)=G20 actual eigen 
differ from predicted eigen
[Series(H4)]Permuted columns:
H4^2[1]->H4^3[E3] H4^3[1]->H4^2[E3] H4[E3]->H4^5[1]
[Series(H4)]1/4-series R^{H4}_{(q^2+1)^2}() W_G(L,c)=G22 actual eigen differ 
from predicted eigen
[Series(H4)]Permuted columns:
H4[I]->H4^7[-1]->H4[-I]->H4^5[1] phi{8,13}->H4[-1]
[Series(H4)]1/5-series R^{H4}_{(q^2+(1-ER(5))/2q+1)^2}() W_G(L,c)=G16 actual 
eigen differ from predicted eigen
[Series(H4)]Permuted columns:
I2(5)[1,2]:phi{1,0}->I2(5)[1,3]:phi{1,0} I2(5)[1,2]:phi{1,10}->I2(5)[1,
3]:phi{1,10} I2(5)[1,2]:phi{2,4}->I2(5)[1,3]:phi{2,4} I2(5)[1,3]:phi{1,
5}'->I2(5)[1,2]:phi{1,5}' H4[E5^3]->H4^6[E5]->H4[E5^2]->H4^3[1]
[Series(H4)]1/6-series R^{H4}_{(q^2-q+1)^2}() W_G(L,c)=G20 actual eigen 
differ from predicted eigen
[Series(H4)]Permuted columns:
H4^2[E3]->phi{24,6} H4^3[E3]->phi{24,12} H3[I]:2->H3[-I]:2->H3[I]:11 
H4^7[-1]->H4[-E3]
[Series(H4)]1/10-series R^{H4}_{2I2(5).(q^2+(-1-ER(5))/2q+1)}(2I2(5)[1,5]) 
W_G(L,c)=Z10 actual eigen differ from predicted eigen
[Series(H4)]predicted=-1*actual
[Series(H4)]1/10-series R^{2I2(5)<14,
25>.(q^2+(-1-ER(5))/2q+1)}_{(q^2+(-1-ER(5))/2q+1)^2}() W_G(L,c)=Z5predicted 
eigenvalues cannot match actual
[Series(H4)]1/10-series R^{2I2(5)<8,
15>.(q^2+(-1-ER(5))/2q+1)}_{(q^2+(-1-ER(5))/2q+1)^2}() W_G(L,c)=Z5predicted 
eigenvalues cannot match actual
[Series(H4)]should not have perm
 0:01:12.111
======== diagnostics for G33 =========
[LusztigInduction(G33)]Failed
[HCSeries(G33)]charnum=Permuted(stored),(1,2,3)(4,5,6)
[HCSeries(G33)]para[1] not found
[HCSeries(G33)]para[2] not found
[Series(G33)]1/3-series R^{G33}_{3D4[E3^2]<11,68,165,176>.(q-E3)}(3D4[-1]) 
W_G(L,c)=Z6 translation=3 actual eigen differ from predicted eigen
[Series(G33)]predicted=E(3)^2*actual
[Series(G33)]Failed
[Series(G33)]1/4-series R^{G33}_{4G333<24,3,4,16>.(q^2+1)}(4G3,3,3[E3^2]) 
W_G(L,c)=Z4:RLG failed
[Series(G33)]Failed
[Series(G33)]1/4-series R^{G33}_{4G333<24,3,4,16>.(q^2+1)}(4G3,3,3[E3]) W_G(L,
c)=Z4:RLG failed
[Series(G33)]1/4-series R^{G33}_{A1.(q^2+1)^2}(11) W_G(L,c)=
G6((-3+ER(3))/2)<2,1> actual eigen differ from predicted eigen
[Series(G33)]Permuted columns:
phi{40,14}''->D4:E3->phi{40,14}'->D4:E3^2->phi{24,4}
[Series(G33)]fixing dimension of variety to be divisible by e=3
[Series(G33)]1/4-series R^{G33}_{A1.(q^2+1)^2}(2) W_G(L,c)=G6((-3+ER(3))/2)<2,
1> actual eigen differ from predicted eigen
[Series(G33)]Permuted columns:
D4:-1->phi{40,5}''->phi{40,5}'->phi{24,19}
[Series(G33)]should not have perm
[Series(G33)]1/6-series R^{G33}_{(q+1)^2(q+E3^2)^3}() W_G(L,c)=G26 actual 
eigen differ from predicted eigen
[Series(G33)]Permuted columns:
D4:-E3^2->phi{30,6} G33[I]->G33[-I]
[Series(G33)]should not have perm
[Series(G33)]fixing dimension of variety by xiL-xiG=8
 0:00:54.476
======== diagnostics for 2D6 =========
[Series(2D6)]1/2-series R^{2D6}_{(q-1)(q+1)^5}() W_G(L,c)=B5 actual eigen 
differ from predicted eigen
[Series(2D6)][1/1,18/36] of 

          |1111.1 .311 .11111 21.11 211.1 2111. 2.111 21.2 22.1
________________________________________________________________
actual    |     1    1      1     1     1     1     1    1    1

          |.221 11.3 .5 11.111 2.3 .32 41. 4.1 31.1
____________________________________________________
actual    |   1    1  1      1   1   1   1   1    1
,
          |1111.1 .311 .11111 21.11 211.1 2111. 2.111 21.2 22.1
________________________________________________________________
predicted |    -1   -1     -1    -1    -1    -1    -1   -1   -1

          |.221 11.3 .5 11.111 2.3 .32 41. 4.1 31.1
____________________________________________________
predicted |  -1   -1 -1     -1  -1  -1  -1  -1   -1
[Series(2D6)]1/3-series R^{2D6}_{2A3<1,3,2>.(q-1)(q^2+q+1)}(.11) W_G(L,c)=Z6 
translation=3 actual eigen differ from predicted eigen
[Series(2D6)][1/1,5/6] of 

          |.41 111.11 .11111 21.11 .32
_______________________________________
actual    |  1      1      1     1   1
,
          |   .41 111.11 .11111 21.11  .32
___________________________________________
predicted |E24^23   E8^7   E8^5  E8^7 E8^5
[Series(2D6)]1/3-series R^{2D6}_{2A3<1,3,2>.(q-1)(q^2+q+1)}(.2) W_G(L,c)=Z6 
translation=3 actual eigen differ from predicted eigen
[Series(2D6)][1/1,3/6] of 

          |.5 .2111 .221
_________________________
actual    | 1     1    1
,
          | .5 .2111 .221
__________________________
predicted |E12    -I   -I
[Series(2D6)]1/3-series R^{2D6}_{2A3<1,3,2>.(q-1)(q^2+q+1)}(1.1) W_G(L,c)=Z6 
translation=3 actual eigen differ from predicted eigen
[Series(2D6)][1/1,5/6] of 

          |1.22 22.1 1.1111 1111.1 1.4
_______________________________________
actual    |   1    1      1      1   1
,
          |1.22 22.1 1.1111 1111.1  1.4
________________________________________
predicted |E8^5 E8^7   E8^5     E8 E8^5
[Series(2D6)]1/3-series R^{2D6}_{2A3<1,3,2>.(q-1)(q^2+q+1)}(11.) W_G(L,c)=Z6 
translation=3 actual eigen differ from predicted eigen
[Series(2D6)][1/1,3/6] of 

          |41. 11111. 32.
__________________________
actual    |  1      1   1
,
          |41. 11111. 32.
__________________________
predicted |-E3     -1  -1
[Series(2D6)]1/4-series R^{2D6}_{D4<2,4,3,1>.(q^2+1)}(1.111) W_G(L,c)=Z4 
translation=2 actual eigen differ from predicted eigen
[Series(2D6)][1/1,2/4] of 

          |.2111 2111.
_______________________
actual    |    1     1
,
          |.2111 2111.
_______________________
predicted |   -1    -1
[Series(2D6)]1/4-series R^{2D6}_{D4<2,4,3,1>.(q^2+1)}(11.2) W_G(L,c)=Z4 
translation=2 actual eigen differ from predicted eigen
[Series(2D6)][1/1,3/4] of 

          |1.22 .311 311.
__________________________
actual    |   1    1    1
,
          |1.22 .311 311.
__________________________
predicted |  -1   -1   -1
[Series(2D6)]1/4-series R^{2D6}_{D4<2,4,3,1>.(q^2+1)}(.22) W_G(L,c)=Z4 
translation=2 actual eigen differ from predicted eigen
[Series(2D6)][1/1,2/4] of 

          |11.111 111.11
_________________________
actual    |     1      1
,
          |11.111 111.11
_________________________
predicted |    -1     -1
[Series(2D6)]1/4-series R^{2D6}_{D4<2,4,3,1>.(q^2+1)}(1.3) W_G(L,c)=Z4 
translation=2 actual eigen differ from predicted eigen
[Series(2D6)][1/1,1/4] of 

          |41.
_______________
actual    |  1
,
          |41.
_______________
predicted | -1
[Series(2D6)][ 2, 3, 2, 3, 4, 3, 2, 3, 2, 4, 1 ]^2 not equal to pi(G423(1 
-I-1 -2I -2I))
[Series(2D6)]1/4-series R^{2D6}_{(q^2+1)^3}() W_G(L,c)=G423(1 -I-1 -2I -2I) 
actual eigen differ from predicted eigen
[Series(2D6)]predicted=-1*actual
[Series(2D6)]1/6-series R^{2D6}_{A3<1,3,2>.(q+1)(q^2-q+1)}(1111) W_G(L,c)=Z6 
translation=3 actual eigen differ from predicted eigen
[Series(2D6)][1/1,5/6] of 

          |1111.1 2111. .11111 1.22 2.21
_________________________________________
actual    |     1     1      1    1    1
,
          |1111.1 2111. .11111 1.22 2.21
_________________________________________
predicted |    -1    -1     -1   -1   -1
[Series(2D6)]1/6-series R^{2D6}_{A3<1,3,2>.(q+1)(q^2-q+1)}(22) W_G(L,c)=Z6 
translation=3 actual eigen differ from predicted eigen
[Series(2D6)][1/1,5/6] of 

          |221. .32 1.1111 2.3 111.11
______________________________________
actual    |   1   1      1   1      1
,
          |221. .32 1.1111 2.3 111.11
______________________________________
predicted |  -1  -1     -1  -1     -1
[Series(2D6)]# WGL:4/8 fix c
[Series(2D6)]# WGL:4/8 fix c
 0:00:22.958
======== diagnostics for D6 =========
[Series(D6)]# WGL:16/32 fix c
[Series(D6)]1/4-series R^{D6}_{A1<2>xA1<1>.(q^2+1)^2}(11,2) W_G(L,c)=G422(1 
I+1 (I+1)/2) actual eigen differ from predicted eigen
[Series(D6)]Permuted columns:
.321->D4:1.1->3-->3+->1.221
[Series(D6)]# WGL:16/32 fix c
[Series(D6)]1/4-series R^{D6}_{A1<2>xA1<1>.(q^2+1)^2}(2,11) W_G(L,c)=G422(1 
I+1 (I+1)/2) actual eigen differ from predicted eigen
[Series(D6)]Permuted columns:
.321->D4:1.1->3-->3+->1.221
[Series(D6)]1/6-series R^{D6}_{(q+1)^2(q^2-q+1)^2}() W_G(L,c)=
G622(ER(-3)/3)<3,1,2> actual eigen differ from predicted eigen
[Series(D6)]Permuted columns:
1.311->D4:11.->D4:1.1->.3111->21-->21+->11.211->111-->111+
 0:00:19.445
======== diagnostics for B6 =========
[Series(B6)]1/8-series R^{B6}_{B2.(q^4+1)}(11.) W_G(L,c)=Z8 actual eigen 
differ from predicted eigen
[Series(B6)]predicted=-1*actual
[Series(B6)]1/8-series R^{B6}_{B2.(q^4+1)}(B2) W_G(L,c)=Z8 actual eigen 
differ from predicted eigen
[Series(B6)]predicted=-1*actual
 0:00:42.797
======== diagnostics for C6 =========
[Series(C6)]1/8-series R^{C6}_{B2<2,1>.(q^4+1)}(.2) W_G(L,c)=Z8 actual eigen 
differ from predicted eigen
[Series(C6)]predicted=-1*actual
[Series(C6)]1/8-series R^{C6}_{B2<2,1>.(q^4+1)}(B2) W_G(L,c)=Z8 actual eigen 
differ from predicted eigen
[Series(C6)]predicted=-1*actual
 0:00:45.587
======== diagnostics for E7 =========
[Series(E7)]1/3-series R^{E7}_{(q-1)(q^2+q+1)^3}() W_G(L,c)=G26 actual eigen 
differ from predicted eigen
[Series(E7)]Permuted columns:
E6[E3]:11->E6[E3^2]:11 E6[E3]:2->E6[E3^2]:2
[Series(E7)]1/4-series R^{E7}_{A1<2>xA1<5>xA1<7>.(q^2+1)^2}(11,11,11) W_G(L,
c)=G8 actual eigen differ from predicted eigen
[Series(E7)]Permuted columns:
phi{336,14}->D4:.21
[Series(E7)]# WGL:32/96 fix c
[Series(E7)]# WGL:32/96 fix c
[Series(E7)]# WGL:32/96 fix c
[Series(E7)]# WGL:32/96 fix c
[Series(E7)]# WGL:32/96 fix c
[Series(E7)]# WGL:32/96 fix c
[Series(E7)]1/4-series R^{E7}_{A1<2>xA1<5>xA1<7>.(q^2+1)^2}(2,2,2) W_G(L,c)=
G8 actual eigen differ from predicted eigen
[Series(E7)]Permuted columns:
D4:21.->phi{336,11}
[Series(E7)]should not have perm
[Series(E7)]1/6-series R^{E7}_{(q+1)(q^2-q+1)^3}() W_G(L,c)=G26 actual eigen 
differ from predicted eigen
[Series(E7)]Permuted columns:
phi{315,16}->D4:1.11
[Series(E7)]should not have perm
[Series(E7)]should not have perm
[Series(E7)]1/10-series R^{E7}_{2A2<3,4>.(q+1)(q^4-q^3+q^2-q+1)}(2A2) W_G(L,
c)=Z10 actual eigen differ from predicted eigen
[Series(E7)]predicted=-1*actual
 0:01:04.912
======== diagnostics for D7 =========
[HCSeries(D7)]para=Permuted(stored para),(1,2)
[Series(D7)]# WGL:3/6 fix c
[Series(D7)]# WGL:3/6 fix c
[Series(D7)]# WGL:3/6 fix c
[Series(D7)]# WGL:3/6 fix c
[Series(D7)]# WGL:5/10 fix c
[Series(D7)]# WGL:5/10 fix c
 0:00:58.023
======== diagnostics for G27 =========
[GaloisAutomorphisms(G27)]k_W=NF(15,[ 1, 4 ]) but matrices over CF(15)
[Series(G27)]1/2-series R^{G27}_{I2(5)[-1]<34,235>.(q+1)}(I2(5)[1,2]) W_G(L,
c)=Z6 translation=2 actual eigen differ from predicted eigen
[Series(G27)]predicted=-E(4)*actual
[Series(G27)]1/2-series R^{G27}_{I2(5)[-1]<34,235>.(q+1)}(I2(5)[1,3]) W_G(L,
c)=Z6 translation=2 actual eigen differ from predicted eigen
[Series(G27)]predicted=-E(4)*actual
[Series(G27)]should not have perm
[Series(G27)]1/3-series R^{G27}_{I2(5)[E3]<40,89>.(q-E3)}(I2(5)[1,2]) W_G(L,
c)=Z6 translation=3 actual eigen differ from predicted eigen
[Series(G27)]predicted=E(3)*actual
[Series(G27)]should not have perm
[Series(G27)]1/3-series R^{G27}_{I2(5)[E3]<40,89>.(q-E3)}(I2(5)[1,3]) W_G(L,
c)=Z6 translation=3 actual eigen differ from predicted eigen
[Series(G27)]predicted=E(3)*actual
[Series(G27)]1/3-series R^{G27}_{B?2(((-3+ER(-15))(-3+ER(-3))/3)/4)[E3]<7,
3>.(q-E3)}(B2) W_G(L,c)=Z6 translation=3 actual eigen differ from predicted 
eigen
[Series(G27)]predicted=E(3)*actual
[Series(G27)]1/3-series R^{G27}_{(q-E3)^3}() W_G(L,c)=G27 actual eigen differ 
from predicted eigen
[Series(G27)]Permuted columns:
G27^2[E9^2]->G27[E9^5]->G27^2[E9^8]
[Series(G27)]should not have perm
[Series(G27)]fixing dimension of variety to be divisible by e=12
[Series(G27)]should not have perm
[Series(G27)]should not have perm
[Series(G27)]1/6-series R^{G27}_{(q+E3^2)^3}() W_G(L,c)=G27 actual eigen 
differ from predicted eigen
[Series(G27)]Permuted columns:
G27^2[E9^7]->G27[E9]->G27[E9^4] G27^2[E9^5]->G27[E9^8]->G27[E9^2]
[Series(G27)]should not have perm
[Series(G27)]fixing dimension of variety by xiL-xiG=8
[Series(G27)]should not have perm
 0:02:51.797
======== diagnostics for G18 =========
 0:01:07.509
======== diagnostics for G21 =========
 0:01:35.074
======== diagnostics for G32 =========
[LusztigInduction(G32)]Failed
[LusztigInduction(G32)]Failed
[LusztigInduction(G32)]Failed
[ParameterExponents(G32)]indices computed=34 stored=43
[Series(G32)]Failed
[Series(G32)]1/2-series R^{G32}_{G25[-1].(q+1)}(G25[-E3]) W_G(L,c)=Z6:RLG 
failed
[Series(G32)]Failed
[Series(G32)]1/2-series R^{G32}_{G25[-1].(q+1)}(G25[E3]) W_G(L,c)=Z6:RLG 
failed
[Series(G32)]ReflectionType failed: no element of 
G312((-3-ER(-3))/6).(q-1).[[-1,0,0],[0,-1,0],[0,0,-1]] acts as scalar on 
orbits: scalars=[ 1, -1 ] twist=()
[Series(G32)]1/2-series R^{G25[-1].(q+1)}_{G4.(q+1)^2}(phi{2,5}) W_G(L,c)=
Z3:RLG failed
[Series(G32)]scals=[ [ -1 ], [ 1 ] ] unimplemented
[Series(G32)]1/2-series R^{Z3[-1]<193>xG4<1,2>.(q+1)}_{G4.(q+1)^2}(phi{2,5}) 
W_G(L,c)=Z3 eigenvalue ratios=[ -1, 1, 1 ]
[Series(G32)]ReflectionType failed: no element of 
G312((-3-ER(-3))/6).(q-1).[[-1,0,0],[0,-1,0],[0,0,-1]] acts as scalar on 
orbits: scalars=[ 1, -1 ] twist=()
[Series(G32)]1/2-series R^{G25[-1].(q+1)}_{Z3[-1]xZ3[-1]<3>.(q+1)^2}(Z3,Z3) 
W_G(L,c)=Z6:RLG failed
[Series(G32)]scals=[ [ 1 ], [ -1 ] ] unimplemented
[Series(G32)]scals=[ [ -1 ], [ -1 ] ] unimplemented
[Series(G32)]1/2-series 
R^{Z3[-1]<134>xZ3[-1]<1>.(q+1)^2}_{Z3[-1].(q+1)^3}(Z3) W_G(L,c)=Z3 eigenvalue 
ratios=[ -1, 1, 1 ]
[Series(G32)]scals=[ [ -1 ], [ -1 ] ] unimplemented
[Series(G32)]1/2-series 
R^{Z3[-1]<193>xZ3[-1]<1>.(q+1)^2}_{Z3[-1].(q+1)^3}(Z3) W_G(L,c)=Z3 eigenvalue 
ratios=[ -1, 1, 1 ]
[Series(G32)]1/2-series R^{G32}_{(q+1)^4}() W_G(L,c)=G32 actual eigen differ 
from predicted eigen
[Series(G32)]Permuted columns:
G32^2[I]->G32^3[-I] G32^3[I]->G32^2[-I]
[Series(G32)]scals=[ [ E(3) ], [ 1 ] ] unimplemented
[Series(G32)]1/3-series R^{G4[E3]<30,203>xZ3.(q-E3)}_{Z3xZ3<3>.(q-E3)^2}(E3^2,
E3^2) W_G(L,c)=Z2non-integral ratio=2/3
[Series(G32)]scals=[ [ 1 ], [ E(3) ] ] unimplemented
[Series(G32)]1/3-series R^{Z3<193>xG4[E3]<1,2>.(q-E3)}_{G4[E3].(q-E3)^2}(G4) 
W_G(L,c)=Z3 eigenvalue ratios=[ 1, 1, E(3)^2 ]
[Series(G32)]1/3-series R^{G32}_{(q-E3)^4}() W_G(L,c)=G32 actual eigen differ 
from predicted eigen
[Series(G32)]Permuted columns:
G32[E9^2]->G32^2[E9^8]->G32^2[E9^5]
[Series(G32)]1/4-series R^{G32}_{(Z3xZ3)[-1,1]<109,3>.(q^2+1)}(Z3) W_G(L,c)=
Z12:not enough left with predicted eigenvalues in [35/48,19/24,41/48,11/12,
47/48,1/24,5/48,1/6,11/48,7/24,17/48,5/12,23/48,13/24,29/48,2/3]
[Series(G32)]scal=[ 1, -1 ] unimplemented
[Series(G32)]should not have perm
[Series(G32)]Failed
[Series(G32)]1/6-series R^{G32}_{G25[-1].(q+E3^2)}(phi{9,5}) W_G(L,c)=Z6:RLG 
failed
[Series(G32)]Failed
[Series(G32)]1/6-series R^{G32}_{G25[-1].(q+E3^2)}(G4:E3^2) W_G(L,c)=Z6:RLG 
failed
[Series(G32)]ReflectionType failed: no element of 
G312((-3-ER(-3))/6).(q-1).[[-1,0,0],[0,-1,0],[0,0,-E(3)^2]] acts as scalar on 
orbits: scalars=[ 1, -1 ] twist=()
[Series(G32)]1/6-series R^{G25[-1].(q+E3^2)}_{G4[E3^2].(q+E3^2)^2}(phi{2,5}) 
W_G(L,c)=Z3:RLG failed
[Series(G32)]scals=[ [ -1 ], [ E(3)^2 ] ] unimplemented
[Series(G32)]1/6-series R^{Z3[-1]<193>xG4[E3^2]<1,
2>.(q+E3^2)}_{G4[E3^2].(q+E3^2)^2}(phi{2,5}) W_G(L,c)=Z3 eigenvalue ratios=[ 
-1, 1, E(3)^2 ]
[Series(G32)]ReflectionType failed: no element of 
G312((-3-ER(-3))/6).(q-1).[[-1,0,0],[0,-1,0],[0,0,-E(3)^2]] acts as scalar on 
orbits: scalars=[ 1, -1 ] twist=()
[Series(G32)]1/6-series R^{G25[-1].(q+E3^2)}_{Z3[-1]xZ3[-1]<3>.(q+E3^2)^2}(E3,
E3) W_G(L,c)=Z6:RLG failed
[Series(G32)]scals=[ [ E(3)^2 ], [ -1 ] ] unimplemented
[Series(G32)]1/6-series R^{G4[E3^2]<30,
203>xZ3[-1].(q+E3^2)}_{Z3[-1]xZ3[-1]<3>.(q+E3^2)^2}(E3,E3) W_G(L,c)=
Z2non-integral ratio=2/3
[Series(G32)]scals=[ [ -1 ], [ -1 ] ] unimplemented
[Series(G32)]1/6-series 
R^{Z3[-1]<134>xZ3[-1]<1>.(q+E3^2)^2}_{Z3[-1].(q+E3^2)^3}(E3) W_G(L,c)=Z3 
eigenvalue ratios=[ -E(3)^2, E(3)^2, 1 ]
[Series(G32)]scals=[ [ -1 ], [ -1 ] ] unimplemented
[Series(G32)]1/6-series 
R^{Z3[-1]<193>xZ3[-1]<1>.(q+E3^2)^2}_{Z3[-1].(q+E3^2)^3}(E3) W_G(L,c)=Z3 
eigenvalue ratios=[ -E(3)^2, E(3)^2, 1 ]
[Series(G32)]1/6-series R^{G32}_{(q+E3^2)^4}() W_G(L,c)=G32 actual eigen 
differ from predicted eigen
[Series(G32)]Permuted columns:
G32[E12^11]->G32[E12^5] G32^2[I]->G32^2[-I] G32[E9^5]->G32^2[E9^2]->G32[E9^8]
[Series(G32)]should not have perm
[Series(G32)]fixing dimension of variety to be divisible by e=18
[Series(G32)]should not have perm
[Series(G32)]should not have perm
[Series(G32)]1/9-series R^{G32}_{Z3.(q^3-E3)}(E3^2) W_G(L,c)=Z18 translation=
9 actual eigen differ from predicted eigen
[Series(G32)]predicted=E(3)^2*actual
[Series(G32)]should not have perm
[Series(G32)]1/9-series R^{G32}_{Z3.(q^3-E3)}(Z3) W_G(L,c)=Z18 translation=9 
actual eigen differ from predicted eigen
[Series(G32)]predicted=E(3)^2*actual
[Series(G32)]should not have perm
[Series(G32)]1/12-series R^{G32}_{G4[E3].(q^2+E3^2)}(phi{1,8}) W_G(L,c)=Z12 
actual eigen differ from predicted eigen
[Series(G32)]predicted=E(3)*actual
[Series(G32)]1/12-series R^{G32}_{G4[E3].(q^2+E3^2)}(Z3:11) W_G(L,c)=Z12 
actual eigen differ from predicted eigen
[Series(G32)]predicted=E(3)*actual
[Series(G32)]scal=[ -1, 1 ] unimplemented
[Series(G32)]should not have perm
[Series(G32)]fixing dimension of variety by xiL-xiG=9
[Series(G32)]1/18-series R^{G32}_{Z3[-1].(q^3+E3^2)}(Z3) W_G(L,c)=Z18 actual 
eigen differ from predicted eigen
[Series(G32)]predicted=-E(3)^2*actual
 0:03:57.870
======== diagnostics for B7 =========
[Series(B7)]1/6-series R^{B7}_{B4.(q+1)(q^2-q+1)}(211.) W_G(L,c)=Z6 actual 
eigen differ from predicted eigen
[Series(B7)]predicted=-1*actual
[Series(B7)]1/6-series R^{B7}_{B4.(q+1)(q^2-q+1)}(B2:1.1) W_G(L,c)=Z6 actual 
eigen differ from predicted eigen
[Series(B7)]predicted=-1*actual
[Series(B7)]1/8-series R^{B7}_{B3.(q^4+1)}(111.) W_G(L,c)=Z8 actual eigen 
differ from predicted eigen
[Series(B7)]predicted=-1*actual
[Series(B7)]1/8-series R^{B7}_{B3.(q^4+1)}(21.) W_G(L,c)=Z8 actual eigen 
differ from predicted eigen
[Series(B7)]predicted=-1*actual
[Series(B7)]1/8-series R^{B7}_{B3.(q^4+1)}(B2:2) W_G(L,c)=Z8 actual eigen 
differ from predicted eigen
[Series(B7)]predicted=-1*actual
[Series(B7)]1/8-series R^{B7}_{B3.(q^4+1)}(B2:11) W_G(L,c)=Z8 actual eigen 
differ from predicted eigen
[Series(B7)]predicted=-1*actual
[Series(B7)]1/10-series R^{B7}_{B2.(q+1)(q^4-q^3+q^2-q+1)}(11.) W_G(L,c)=Z10 
actual eigen differ from predicted eigen
[Series(B7)]predicted=-1*actual
[Series(B7)]1/10-series R^{B7}_{B2.(q+1)(q^4-q^3+q^2-q+1)}(B2) W_G(L,c)=Z10 
actual eigen differ from predicted eigen
[Series(B7)]predicted=-1*actual
 0:06:13.874
======== diagnostics for C7 =========
[Series(C7)]1/6-series R^{C7}_{C4.(q+1)(q^2-q+1)}(211.) W_G(L,c)=Z6 actual 
eigen differ from predicted eigen
[Series(C7)]predicted=-1*actual
[Series(C7)]1/6-series R^{C7}_{C4.(q+1)(q^2-q+1)}(B2:1.1) W_G(L,c)=Z6 actual 
eigen differ from predicted eigen
[Series(C7)]predicted=-1*actual
[Series(C7)]1/8-series R^{C7}_{C3.(q^4+1)}(111.) W_G(L,c)=Z8 actual eigen 
differ from predicted eigen
[Series(C7)]predicted=-1*actual
[Series(C7)]1/8-series R^{C7}_{C3.(q^4+1)}(21.) W_G(L,c)=Z8 actual eigen 
differ from predicted eigen
[Series(C7)]predicted=-1*actual
[Series(C7)]1/8-series R^{C7}_{C3.(q^4+1)}(B2:2) W_G(L,c)=Z8 actual eigen 
differ from predicted eigen
[Series(C7)]predicted=-1*actual
[Series(C7)]1/8-series R^{C7}_{C3.(q^4+1)}(B2:11) W_G(L,c)=Z8 actual eigen 
differ from predicted eigen
[Series(C7)]predicted=-1*actual
[Series(C7)]1/10-series R^{C7}_{B2<2,1>.(q+1)(q^4-q^3+q^2-q+1)}(.2) W_G(L,c)=
Z10 actual eigen differ from predicted eigen
[Series(C7)]predicted=-1*actual
[Series(C7)]1/10-series R^{C7}_{B2<2,1>.(q+1)(q^4-q^3+q^2-q+1)}(B2) W_G(L,c)=
Z10 actual eigen differ from predicted eigen
[Series(C7)]predicted=-1*actual
 0:05:00.979
======== diagnostics for 2D7 =========
[Series(2D7)]1/2-series R^{2D7}_{D4<1,4,3,2>.(q+1)^3}(1.21) W_G(L,c)=
B?3(-1/2)<2,3,1> actual eigen differ from predicted eigen
[Series(2D7)][1/1,5/10] of 

          |3.21 111.21 321. 1.41 1.2111
________________________________________
actual    |   1      1    1    1      1
,
          |3.21 111.21 321. 1.41 1.2111
________________________________________
predicted |  -1     -1   -1   -1     -1
[Series(2D7)]1/3-series R^{2D7}_{2D4<2,1,3,4>.(q-1)(q^2+q+1)}(11.1) W_G(L,c)=
Z6 translation=3 actual eigen differ from predicted eigen
[Series(2D7)][1/1,5/6] of 

          |11.22 11111.1 11.1111 32.1 11.4
___________________________________________
actual    |    1       1       1    1    1
,
          |11.22 11111.1 11.1111 32.1 11.4
___________________________________________
predicted | E8^5      E8    E8^5 E8^7 E8^5
[Series(2D7)]1/3-series R^{2D7}_{2D4<2,1,3,4>.(q-1)(q^2+q+1)}(1.11) W_G(L,c)=
Z6 translation=3 actual eigen differ from predicted eigen
[Series(2D7)][1/1,4/6] of 

          |1.41 4.11 1.11111 1.32
__________________________________
actual    |   1    1       1    1
,
          |1.41 4.11 1.11111 1.32
__________________________________
predicted | E12   E8      -I   -I
[Series(2D7)]1/3-series R^{2D7}_{2D4<2,1,3,4>.(q-1)(q^2+q+1)}(1.2) W_G(L,c)=
Z6 translation=3 actual eigen differ from predicted eigen
[Series(2D7)][1/1,5/6] of 

          |1.5 22.2 1.2111 1111.2 1.221
________________________________________
actual    |  1    1      1      1     1
,
          |   1.5 22.2 1.2111 1111.2 1.221
___________________________________________
predicted |E24^23 E8^7   E8^5     E8  E8^5
[Series(2D7)]1/3-series R^{2D7}_{2D4<2,1,3,4>.(q-1)(q^2+q+1)}(2.1) W_G(L,c)=
Z6 translation=3 actual eigen differ from predicted eigen
[Series(2D7)][1/1,5/6] of 

          |2.22 5.1 2.1111 2111.1 2.4
______________________________________
actual    |   1   1      1      1   1
,
          |2.22 5.1 2.1111 2111.1 2.4
______________________________________
predicted |  -I  E8     -I      I  -I
[Series(2D7)]1/4-series R^{2D7}_{D5<2,1,3,4,5>.(q^2+1)}(111.2) W_G(L,c)=Z4 
translation=2 actual eigen differ from predicted eigen
[Series(2D7)][1/1,3/4] of 

          |22.11 .3111 11.22
_____________________________
actual    |    1     1     1
,
          |22.11 .3111 11.22
_____________________________
predicted |  -E3    E3    E3
[Series(2D7)]1/4-series R^{2D7}_{D5<2,1,3,4,5>.(q^2+1)}(11.3) W_G(L,c)=Z4 
translation=2 actual eigen differ from predicted eigen
[Series(2D7)][1/1,3/4] of 

          |2.22 .411 22.2
__________________________
actual    |   1    1    1
,
          |2.22 .411 22.2
__________________________
predicted |  E3   E3   E3
[Series(2D7)]1/4-series R^{2D7}_{2A3<2,3,1>.(q^2+1)^2}(1.1) W_G(L,c)=
G412(-I/2) actual eigen differ from predicted eigen
[Series(2D7)][1/1,6/14] of 

          |3.111 .321 1.311 311.1 321. 111.3
_____________________________________________
actual    |    1    1     1     1    1     1
,
          |3.111 .321 1.311 311.1 321. 111.3
_____________________________________________
predicted |   -1   -1    -1    -1   -1    -1
[Series(2D7)]1/4-series R^{2D7}_{(q-1)(q^2+1)^3}() W_G(L,c)=G413 actual eigen 
differ from predicted eigen
[Series(2D7)][1/1,20/40] of 

          |11.4 .42 1.41 11.1111 1111.11 11.211 111.21 111111. .222
____________________________________________________________________
actual    |   1   1    1       1       1      1      1       1    1

          |.111111 41.1 42. 222. 11.31 21.111 4.11 .51 211.11 51.
__________________________________________________________________
actual    |      1    1   1    1     1      1    1   1      1   1

          |31.11
_________________
actual    |    1
,
          |11.4 .42 1.41 11.1111 1111.11 11.211 111.21 111111. .222
____________________________________________________________________
predicted |  -1  -1   -1      -1      -1     -1     -1      -1   -1

          |.111111 41.1 42. 222. 11.31 21.111 4.11 .51 211.11 51.
__________________________________________________________________
predicted |     -1   -1  -1   -1    -1     -1   -1  -1     -1  -1

          |31.11
_________________
predicted |   -1
[Series(2D7)]1/5-series R^{2D7}_{(A1xA1)<2,1>.(q-1)(q^4+q^3+q^2+q+1)}(11) 
W_G(L,c)=Z10 translation=5 actual eigen differ from predicted eigen
[Series(2D7)][1/1,7/10] of 

          |.321 .42 .111111 11111.1 .6 2111.1 .2211
____________________________________________________
actual    |   1   1       1       1  1      1     1
,
          |.321 .42 .111111 11111.1 .6 2111.1 .2211
____________________________________________________
predicted |  -I  -I      -I       I -I      I    -I
[Series(2D7)]1/6-series R^{2D7}_{D4<1,4,3,2>.(q+1)(q^2-q+1)}(11+) W_G(L,c)=Z6 
translation=3 actual eigen differ from predicted eigen
[Series(2D7)][1/1,1/6] of 

          |4.11
________________
actual    |   1
,
          |4.11
________________
predicted |  -1
[Series(2D7)]# WGL:3/6 fix c
[Series(2D7)]1/6-series R^{2D7}_{D4<1,4,3,2>.(q+1)(q^2-q+1)}(1.21) W_G(L,c)=
Z6 translation=3 actual eigen differ from predicted eigen
[Series(2D7)][1/1,5/6] of 

          |.321 321. 1.2111 21.3 111.21
________________________________________
actual    |   1    1      1    1      1
,
          |.321 321. 1.2111 21.3 111.21
________________________________________
predicted |  -1   -1     -1   -1     -1
[Series(2D7)]# WGL:3/6 fix c
[Series(2D7)]1/6-series R^{2D7}_{D4<1,4,3,2>.(q+1)(q^2-q+1)}(2+) W_G(L,c)=Z6 
translation=3 actual eigen differ from predicted eigen
[Series(2D7)][1/1,1/6] of 

          |5.1
_______________
actual    |  1
,
          |5.1
_______________
predicted | -1
[Series(2D7)]# WGL:3/6 fix c
[Series(2D7)]1/6-series R^{2D7}_{D4<1,4,3,2>.(q+1)(q^2-q+1)}(.22) W_G(L,c)=Z6 
translation=3 actual eigen differ from predicted eigen
[Series(2D7)][1/1,5/6] of 

          |222. .33 11.1111 111.111 3.3
________________________________________
actual    |   1   1       1       1   1
,
          |222. .33 11.1111 111.111 3.3
________________________________________
predicted |  -1  -1      -1      -1  -1
[Series(2D7)]# WGL:3/6 fix c
[Series(2D7)]1/6-series R^{2D7}_{(q+1)^3(q^2-q+1)^2}() W_G(L,c)=G612(-1/2) 
actual eigen differ from predicted eigen
[Series(2D7)][1/1,10/27] of 

          |3.111 31.11 32.1 33. .222 1.221 2.211 11.22 21.21 22.2
__________________________________________________________________
actual    |    1     1    1   1    1     1     1     1     1    1
,
          |3.111 31.11 32.1 33. .222 1.221 2.211 11.22 21.21 22.2
__________________________________________________________________
predicted |   -1    -1   -1  -1   -1    -1    -1    -1    -1   -1
[Series(2D7)]# WGL:5/10 fix c
[Series(2D7)]# WGL:5/10 fix c
 0:07:58.986
======== diagnostics for E8 =========
[DegreesFromHC(E8)(E6.(q-1)^2)]Schur(Hecke(G2,[q,q^9]))=Permuted(ud),(5,6)
[DegreesFromHC(E8)(E6.(q-1)^2)]Schur(Hecke(G2,[q,q^9]))=Permuted(ud),(5,6)
[Series(E8)]1/2-series R^{E8}_{E7.(q+1)}(phi{512,12}) W_G(L,c)=Z2 [62,
105]x[63,106] chars candidates: using RLG
[Series(E8)]1/2-series R^{E8}_{E7.(q+1)}(phi{512,11}) W_G(L,c)=Z2 [62,
105]x[63,106] chars candidates: using RLG
[Series(E8)]1/2-series R^{E8}_{(q+1)^8}() W_G(L,c)=E8 actual eigen differ 
from predicted eigen
[Series(E8)]Permuted columns:
E7[-I]:2->E7[I]:2->E7[-I]:11
[Series(E8)]1/3-series R^{E8}_{3D4<3,5,4,2>.(q^2+q+1)^2}(3D4[-1]) W_G(L,c)=
G5((7-ER(-3))/2) actual eigen differ from predicted eigen
[Series(E8)]Permuted columns:
E8[-E3]->E8[-1]
[Series(E8)]1/3-series R^{E8}_{(q^2+q+1)^4}() W_G(L,c)=G32 actual eigen 
differ from predicted eigen
[Series(E8)]Permuted columns:
E6[E3^2]:phi{2,2}->E6[E3]:phi{1,6}->E6[E3]:phi{2,2}->E6[E3^2]:phi{1,
6}->E6[E3^2]:phi{1,0} E6[E3^2]:phi{2,1}->E6[E3]:phi{1,3}'->E6[E3]:phi{1,
3}''->E6[E3]:phi{2,1}->E6[E3^2]:phi{1,3}' E8[E3^2]->E8[E3]->E8[1]
[Series(E8)]1/4-series R^{E8}_{D4<3,2,4,5>.(q^2+1)^2}(11.2) W_G(L,c)=G8 
actual eigen differ from predicted eigen
[Series(E8)]Permuted columns:
phi{1344,19}->D4:phi{12,4}
[Series(E8)]1/4-series R^{E8}_{D4<3,2,4,5>.(q^2+1)^2}(.22) W_G(L,c)=G8 actual 
eigen differ from predicted eigen
[Series(E8)]Permuted columns:
phi{448,25}->D4:phi{4,8}
[Series(E8)]1/4-series R^{E8}_{(q^2+1)^4}() W_G(L,c)=G31 actual eigen differ 
from predicted eigen
[Series(E8)]Permuted columns:
phi{112,63}->D4:phi{1,24}->phi{112,3} phi{2800,25}->D4:phi{9,6}''->phi{2800,
13} phi{3360,25}->D4:phi{2,4}''->D4:phi{2,16}'
[Series(E8)]1/5-series R^{E8}_{(q^4+q^3+q^2+q+1)^2}() W_G(L,c)=G16 actual 
eigen differ from predicted eigen
[Series(E8)]Permuted columns:
E8[1]->E8[E5]->E8[E5^4]->E8[E5^3]
[Series(E8)]1/6-series R^{E8}_{3D4<2,3,4,5>.(q^2-q+1)^2}(phi{2,1}) W_G(L,c)=
G5((5-3ER(-3))/2) actual eigen differ from predicted eigen
[Series(E8)]Permuted columns:
E6[E3^2]:phi{2,2}->phi{7168,17}->E6[E3]:phi{2,2}
[Series(E8)]1/6-series R^{E8}_{(q^2-q+1)^4}() W_G(L,c)=G32 actual eigen 
differ from predicted eigen
[Series(E8)]Permuted columns:
E6[E3]:phi{1,0}->E6[E3^2]:phi{1,0} E6[E3]:phi{1,6}->E6[E3^2]:phi{1,6} 
E6[E3]:phi{1,3}'->E8[E3^2]->E6[E3^2]:phi{1,3}'->E6[E3]:phi{1,
3}''->E6[E3^2]:phi{1,3}''->E8[E3] E7[-I]:2->E7[I]:2 D4:phi{6,6}''->phi{5670,
18} E6[E3^2]:phi{2,1}->E6[E3]:phi{2,1}->phi{4480,16}
[Series(E8)]should not have perm
[Series(E8)]should not have perm
[Series(E8)]1/8-series R^{E8}_{2D4<3,2,4,5>.(q^4+1)}(111.) W_G(L,c)=Z8 actual 
eigen differ from predicted eigen
[Series(E8)]predicted=-1*actual
[Series(E8)]Hecke(G9,[-q^4,[Iq^6,I,Iq^2,Iq^4]]) wrong set of SchurElements
[Series(E8)]1/8-series R^{E8}_{(q^4+1)^2}() W_G(L,c)=G9 actual eigen differ 
from predicted eigen
[Series(E8)]Permuted columns:
phi{1400,8}->D4:phi{2,16}''->phi{160,7}->phi{1400,32} phi{160,55}->D4:phi{2,
4}' phi{2016,19}->D4:phi{6,6}' phi{5600,19}->D4:phi{6,6}''->D4:phi{8,3}' 
E8[-1]->E8[-I]->E8[I]
[Series(E8)]should not have perm
[Series(E8)]should not have perm
[Series(E8)]1/10-series R^{E8}_{(q^4-q^3+q^2-q+1)^2}() W_G(L,c)=G16 actual 
eigen differ from predicted eigen
[Series(E8)]Permuted columns:
D4:phi{4,13}->phi{1400,37}->D4:phi{4,1}->phi{1400,7}->D4:phi{6,6}' 
E7[-I]:11->E7[I]:2->E7[I]:11 E8[E5^4]->E8[E5^2]->phi{4480,16}
[Series(E8)]1/12-series R^{E8}_{(q^4-q^2+1)^2}() W_G(L,c)=
G10(E12^11+E12^8+E12^7) actual eigen differ from predicted eigen
[Series(E8)]Permuted columns:
E6[E3]:phi{1,3}''->E8[E3^2]->phi{1400,32}->E6[E3]:phi{1,3}' E6[E3^2]:phi{2,
1}->phi{4536,18} phi{1400,20}->E6[E3^2]:phi{1,3}''
[Series(E8)]should not have perm
[Series(E8)]1/18-series R^{E8}_{2A2<3,4>.(q^6-q^3+1)}(2A2) W_G(L,c)=Z18 
actual eigen differ from predicted eigen
[Series(E8)]predicted=-1*actual
 0:17:32.012
======== diagnostics for G34 =========
[LusztigInduction(G34)]Failed
[LusztigInduction(G34)]Failed
[LusztigInduction(G34)]Failed
[LusztigInduction(G34)]Failed
[LusztigInduction(G34)]Failed
[LusztigInduction(G34)]Failed
[LusztigInduction(G34)]Failed
[LusztigInduction(G34)]Failed
[LusztigInduction(G34)]Failed
[LusztigInduction(G34)]Failed
[LusztigInduction(G34)]Failed
[LusztigInduction(G34)]Failed
[LusztigInduction(G34)]Failed
[LusztigInduction(G34)]Failed
[LusztigInduction(G34)]Failed
[LusztigInduction(G34)]Failed
[LusztigInduction(G34)]Failed
[LusztigInduction(G34)]Failed
[LusztigInduction(G34)]Failed
[LusztigInduction(G34)]Failed
[LusztigInduction(G34)]Failed
[LusztigInduction(G34)]Failed
[LusztigInduction(G34)]Failed
[LusztigInduction(G34)]Failed
[LusztigInduction(G34)]Failed
[LusztigInduction(G34)]Failed
[LusztigInduction(G34)]Failed
[LusztigInduction(G34)]Failed
[LusztigInduction(G34)]Failed
[LusztigInduction(G34)]Failed
[LusztigInduction(G34)]Failed
[LusztigInduction(G34)]Failed
[LusztigInduction(G34)]Failed
[LusztigInduction(G34)]Failed
[LusztigInduction(G34)]Failed
[LusztigInduction(G34)]Failed
[LusztigInduction(G34)]Failed
[LusztigInduction(G34)]Failed
[LusztigInduction(G34)]Failed
[LusztigInduction(G34)]Failed
[LusztigInduction(G34)]Failed
[LusztigInduction(G34)]Failed
[LusztigInduction(G34)]Failed
[LusztigInduction(G34)]Failed
[LusztigInduction(G34)]Failed
[LusztigInduction(G34)]Failed
[LusztigInduction(G34)]Failed
[LusztigInduction(G34)]Failed
[LusztigInduction(G34)]Failed
[LusztigInduction(G34)]Failed
[LusztigInduction(G34)]Failed
[LusztigInduction(G34)]Failed
[LusztigInduction(G34)]Failed
[LusztigInduction(G34)]Failed
[LusztigInduction(G34)]Failed
[LusztigInduction(G34)]Failed
[LusztigInduction(G34)]Failed
[LusztigInduction(G34)]Failed
[LusztigInduction(G34)]Failed
[HCSeries(G34)]charnum=Permuted(stored),(1,6,5)(2,4,3)(7,11,9)(8,12,10)(15,19,
17)(16,20,18)(21,23,25)(22,24,26)(27,31,29)(28,32,30)(33,35,37)(34,36,38)(39,
43,42,40,44,41)
[HCSeries(G34)]para[2] not found
[HCSeries(G34)]para[3] not found
[ParameterExponents(G34)]indices computed=156 stored=651
[ParameterExponents(G34)]indices computed=156 stored=651
[ParameterExponents(G34)]indices computed=45 stored=46
[Series(G34)]Failed
[Series(G34)]1/2-series R^{G34}_{G33.(q+1)}(phi{64,8}) W_G(L,c)=Z6:RLG failed
[Series(G34)]1/2-series R^{G34}_{G33.(q+1)}(phi{64,8}) W_G(L,c)=Z6 [96,
103]x[97,102]x[98,101]x[99,100]x[158,160]x[159,161] chars candidates: using 
RLG
[Series(G34)]Failed
[Series(G34)]1/2-series R^{G34}_{G33.(q+1)}(phi{64,9}) W_G(L,c)=Z6:RLG failed
[Series(G34)]1/2-series R^{G34}_{G33.(q+1)}(phi{64,9}) W_G(L,c)=Z6 [96,
103]x[97,102]x[98,101]x[99,100]x[158,160]x[159,161] chars candidates: using 
RLG
[Series(G34)]Failed
[Series(G34)]1/2-series R^{G34}_{G33.(q+1)}(G3,3,3[E3^2]:phi{2,1}) W_G(L,c)=
Z6:RLG failed
[Series(G34)]Failed
[Series(G34)]1/2-series R^{G34}_{G33.(q+1)}(G3,3,3[E3]:phi{2,5}) W_G(L,c)=
Z6:RLG failed
[Series(G34)]Failed
[Series(G34)]1/2-series R^{G34}_{G333[-1]<25,3,4,169>.(q+1)^3}(G3,3,3[E3]) 
W_G(L,c)=G26:RLG failed
[Series(G34)]scals=[ [ 1 ], [ -1 ] ] unimplemented
[Series(G34)]1/2-series R^{G34}_{G333[-1]<25,3,4,169>.(q+1)^3}(G3,3,3[E3]) 
W_G(L,c)=G26 actual eigen differ from predicted eigen
[Series(G34)]Permuted columns:
G34[E12^7]->G34[E12]
[Series(G34)]Failed
[Series(G34)]1/2-series R^{G34}_{G333[-1]<25,3,4,169>.(q+1)^3}(G3,3,3[E3^2]) 
W_G(L,c)=G26:RLG failed
[Series(G34)]scals=[ [ 1 ], [ -1 ] ] unimplemented
[Series(G34)]1/2-series R^{G34}_{G333[-1]<25,3,4,169>.(q+1)^3}(G3,3,3[E3^2]) 
W_G(L,c)=G26 actual eigen differ from predicted eigen
[Series(G34)]Permuted columns:
G34[E12^11]->G34[E12^5]
[Series(G34)]1/2-series R^{G34}_{(q+1)^6}() W_G(L,c)=G34 actual eigen differ 
from predicted eigen
[Series(G34)]Permuted columns:
G33[I]:E3->G33[-I]:-E3^2->G33[-I]:-E3->G33[-I]:E3->G33[I]:-E3^2->G33[I]:-E3 
G33[I]:E3^2->G33[-I]:E3^2 G33[I]:-1->G33[-I]:-1->G33[I]:1
[Series(G34)]Failed
[Series(G34)]1/3-series R^{G34}_{G33[E3].(q-E3)}(G33[-E3^2]) W_G(L,c)=Z6:RLG 
failed
[Series(G34)]1/3-series R^{G34}_{G33[E3].(q-E3)}(G33[-E3^2]) W_G(L,c)=Z6 
translation=3 actual eigen differ from predicted eigen
[Series(G34)]predicted=E(3)^2*actual
[Series(G34)]Failed
[Series(G34)]1/3-series R^{G34}_{G33[E3].(q-E3)}(G33[I]) W_G(L,c)=Z6:RLG 
failed
[Series(G34)]1/3-series R^{G34}_{G33[E3].(q-E3)}(G33[I]) W_G(L,c)=Z6 
translation=3 actual eigen differ from predicted eigen
[Series(G34)]predicted=E(3)^2*actual
[Series(G34)]Failed
[Series(G34)]1/3-series R^{G34}_{G33[E3].(q-E3)}(G33[-I]) W_G(L,c)=Z6:RLG 
failed
[Series(G34)]1/3-series R^{G34}_{G33[E3].(q-E3)}(G33[-I]) W_G(L,c)=Z6 
translation=3 actual eigen differ from predicted eigen
[Series(G34)]predicted=E(3)^2*actual
[Series(G34)]Failed
[Series(G34)]1/3-series R^{G34}_{G33[E3].(q-E3)}(G33[-E3]) W_G(L,c)=Z6:RLG 
failed
[Series(G34)]1/3-series R^{G34}_{G33[E3].(q-E3)}(G33[-E3]) W_G(L,c)=Z6 
translation=3 actual eigen differ from predicted eigen
[Series(G34)]predicted=E(3)*actual
[Series(G34)]1/3-series R^{G34}_{D4[E3]<317,315,224,586>.(q-E3)^2}(D4) W_G(L,
c)=G612((-3-ER(-3))/2) actual eigen differ from predicted eigen
[Series(G34)]Permuted columns:
G33[-E3]:E3^2->G33[-E3^2]:-E3->G33[-E3]:1
[Series(G34)]scals=[ [ E(3) ], [ 1 ] ] unimplemented
[Series(G34)]1/3-series R^{A1[E3]<685>xG333<25,3,4,169>.(q-E3)^2}_{G333<4,2,3,
147>.(q-E3)^3}(.1.11) W_G(L,c)=Z2 eigenvalue ratios=[ 1, E(3)^2 ]
[Series(G34)]scals=[ [ E(3) ], [ 1 ] ] unimplemented
[Series(G34)]1/3-series R^{A1[E3]<685>xG333<25,3,4,169>.(q-E3)^2}_{G333<4,2,3,
147>.(q-E3)^3}(.2.1) W_G(L,c)=Z2 eigenvalue ratios=[ 1, E(3)^2 ]
[Series(G34)]1/3-series R^{G34}_{(q-E3)^6}() W_G(L,c)=G34 actual eigen differ 
from predicted eigen
[Series(G34)]Permuted columns:
G3,3,3[E3]:phi{3,16}'->G3,3,3[E3^2]:phi{3,17}->G3,3,3[E3]:phi{3,4} G3,3,
3[E3^2]:phi{6,2}->G3,3,3[E3]:phi{6,13}->G3,3,3[E3]:phi{6,7}' G3,3,3[E3]:phi{9,
10}->G3,3,3[E3^2]:phi{9,5} G34^2[E9^2]->G34^2[E9^5]->G34[E9^8] 
G34[E9^7]->G34^2[E9^4]->G34^2[E9] G3,3,3[E3]:phi{3,16}''->G3,3,3[E3^2]:phi{3,
5}'
[Series(G34)]Failed
[Series(G34)]1/4-series R^{G34}_{4G333<25,3,4,17>xA1<6>.(q^2+1)}(4G3,3,
3[E3^2],11) W_G(L,c)=Z12:RLG failed
[Series(G34)]Failed
[Series(G34)]1/4-series R^{G34}_{4G333<25,3,4,17>xA1<6>.(q^2+1)}(4G3,3,
3[E3^2],2) W_G(L,c)=Z12:RLG failed
[Series(G34)]Failed
[Series(G34)]1/4-series R^{G34}_{4G333<25,3,4,17>xA1<6>.(q^2+1)}(4G3,3,3[E3],
11) W_G(L,c)=Z12:RLG failed
[Series(G34)]Failed
[Series(G34)]1/4-series R^{G34}_{4G333<25,3,4,17>xA1<6>.(q^2+1)}(4G3,3,3[E3],
2) W_G(L,c)=Z12:RLG failed
[Series(G34)]# WGL:144/288 fix c
[Series(G34)]1/4-series R^{G34}_{A1xA1<3>.(q^2+1)^2}(11,2) W_G(L,c)=
G7(ER(-3)(I+1)/2) actual eigen differ from predicted eigen
[Series(G34)]Permuted columns:
D4:1...1..->phi{560,18}'->D4:1.....1->phi{336,8}->D4:.1...1. 
D4:1.1....->phi{336,10}->D4:...1.1.->phi{336,34}->D4:....1.1->phi{720,
16}->phi{560,18}''->D4:..1...1 D4:..1.1..->phi{560,18}''' D4:.1.1...->phi{336,
32}
[Series(G34)]# WGL:144/288 fix c
[Series(G34)]1/4-series R^{G34}_{A1xA1<3>.(q^2+1)^2}(2,11) W_G(L,c)=
G7(ER(-3)(I+1)/2) actual eigen differ from predicted eigen
[Series(G34)]Permuted columns:
D4:1...1..->phi{560,18}'->D4:..1.1..->phi{336,32}->D4:.1...1. 
D4:...1.1.->phi{336,34}->D4:1.1....->phi{336,10}->D4:.1.1...->phi{720,
16}->phi{560,18}'''->D4:..1...1 D4:1.....1->phi{560,18}'' D4:....1.1->phi{336,
8}
[Series(G34)]fixing dimension of variety to be divisible by e=3
[Series(G34)]fixing dimension of variety to be divisible by e=3
[Series(G34)]1/4-series R^{G34}_{A1xA1<3>.(q^2+1)^2}(2,2) W_G(L,c)=
G10((3+ER(3))(-I+1)/6) actual eigen differ from predicted eigen
[Series(G34)]Permuted columns:
D4:.1....1->phi{560,9} D4:...1..1->phi{336,23} D4:.1..1..->phi{336,25}
[Series(G34)]should not have perm
[Series(G34)]fixing dimension of variety to be divisible by e=30
[Series(G34)]should not have perm
[Series(G34)]Failed
[Series(G34)]1/6-series R^{G34}_{G33[E3^2].(q+E3^2)}(phi{64,8}) W_G(L,c)=
Z6:RLG failed
[Series(G34)]1/6-series R^{G34}_{G33[E3^2].(q+E3^2)}(phi{64,8}) W_G(L,c)=Z6 
[97,102]x[98,101]x[158,160]x[159,161]x[197,198]x[314,315] chars candidates: 
using RLG
[Series(G34)]Failed
[Series(G34)]1/6-series R^{G34}_{G33[E3^2].(q+E3^2)}(phi{64,9}) W_G(L,c)=
Z6:RLG failed
[Series(G34)]1/6-series R^{G34}_{G33[E3^2].(q+E3^2)}(phi{64,9}) W_G(L,c)=Z6 
[97,102]x[98,101]x[158,160]x[159,161]x[197,198]x[314,315] chars candidates: 
using RLG
[Series(G34)]Failed
[Series(G34)]1/6-series R^{G34}_{G33[E3^2].(q+E3^2)}(G3,3,3[E3^2]:phi{2,1}) 
W_G(L,c)=Z6:RLG failed
[Series(G34)]Failed
[Series(G34)]1/6-series R^{G34}_{G33[E3^2].(q+E3^2)}(G3,3,3[E3]:phi{2,5}) 
W_G(L,c)=Z6:RLG failed
[Series(G34)]1/6-series R^{G34}_{G33[E3^2].(q+E3^2)}(G3,3,3[E3]:phi{2,5}) 
W_G(L,c)=Z6 actual eigen differ from predicted eigen
[Series(G34)]predicted=E(3)*actual
[Series(G34)]non-positive RLG for untwisted L
[Series(G34)]non-positive RLG for untwisted L
[Series(G34)]1/6-series R^{G34}_{D4[E3^2]<317,315,224,586>.(q+E3^2)^2}(1.21) 
W_G(L,c)=G612((-3-ER(-3))/2) actual eigen differ from predicted eigen
[Series(G34)]predicted=E(3)*actual
[Series(G34)]Failed
[Series(G34)]1/6-series R^{G34}_{G333[-1]<25,3,4,169>.(q+E3^2)^3}(.11.1) 
W_G(L,c)=G26:RLG failed
[Series(G34)]scals=[ [ E(3)^2 ], [ -1 ] ] unimplemented
[Series(G34)]1/6-series R^{A1[E3^2]<685>xG333[-1]<25,3,4,
169>.(q+E3^2)^2}_{G333[-1]<4,2,3,147>.(q+E3^2)^3}(.11.1) W_G(L,c)=Z2 
eigenvalue ratios=[ 1, E(3) ]
[Series(G34)]Failed
[Series(G34)]1/6-series R^{G34}_{G333[-1]<25,3,4,169>.(q+E3^2)^3}(.1.2) W_G(L,
c)=G26:RLG failed
[Series(G34)]scals=[ [ E(3)^2 ], [ -1 ] ] unimplemented
[Series(G34)]1/6-series R^{A1[E3^2]<685>xG333[-1]<25,3,4,
169>.(q+E3^2)^2}_{G333[-1]<4,2,3,147>.(q+E3^2)^3}(.1.2) W_G(L,c)=Z2 
eigenvalue ratios=[ 1, E(3) ]
[Series(G34)]1/6-series R^{G34}_{(q+E3^2)^6}() W_G(L,c)=G34 actual eigen 
differ from predicted eigen
[Series(G34)]Permuted columns:
G3,3,3[E3^2]:phi{3,1}->G3,3,3[E3]:phi{3,20}->G3,3,3[E3]:phi{3,8}' G3,3,
3[E3]:phi{6,11}'->G3,3,3[E3^2]:phi{6,10}->G3,3,3[E3]:phi{6,5} 
G33[I]:E3^2->G33[-I]:-E3->G33[-I]:E3^2->G33[I]:-E3 G34[E12^7]->G34[E12] 
G33[-E3]:E3->G33[-E3^2]:-E3^2 G34[E9^5]->G34^2[E9^8]->G34[E9^2] 
G34[E9^4]->G34[E9]->G34^2[E9^7] G33[I]:-1->G33[-I]:-1->G33[I]:1
[Series(G34)]should not have perm
[Series(G34)]should not have perm
[Series(G34)]fixing dimension of variety to be divisible by e=24
[Series(G34)]should not have perm
[Series(G34)]should not have perm
[Series(G34)]should not have perm
[Series(G34)]should not have perm
[Series(G34)]1/9-series R^{G34}_{3G333<25,3,4,169>.(q^3-E3)}(.1.1) W_G(L,c)=
Z18 translation=9 actual eigen differ from predicted eigen
[Series(G34)]predicted=E(3)^2*actual
[Series(G34)]should not have perm
[Series(G34)]should not have perm
[Series(G34)]1/9-series R^{G34}_{3G333<25,3,4,169>.(q^3-E3)}(..2) W_G(L,c)=
Z18 translation=9 actual eigen differ from predicted eigen
[Series(G34)]predicted=E(3)^2*actual
[Series(G34)]should not have perm
[Series(G34)]1/9-series R^{G34}_{3G333<25,3,4,169>.(q^3-E3)}(11..) W_G(L,c)=
Z18 translation=9 actual eigen differ from predicted eigen
[Series(G34)]predicted=E(3)^2*actual
[Series(G34)]should not have perm
[Series(G34)]1/9-series R^{G34}_{3G333<25,3,4,169>.(q^3-E3)}(.2.) W_G(L,c)=
Z18 translation=9 actual eigen differ from predicted eigen
[Series(G34)]predicted=E(3)^2*actual
[Series(G34)]should not have perm
[Series(G34)]1/9-series R^{G34}_{3G333<25,3,4,169>.(q^3-E3)}(.11.) W_G(L,c)=
Z18 translation=9 actual eigen differ from predicted eigen
[Series(G34)]predicted=E(3)^2*actual
[Series(G34)]should not have perm
[Series(G34)]fixing dimension of variety to be divisible by e=30
[Series(G34)]should not have perm
[Series(G34)]Failed
[Series(G34)]1/12-series R^{G34}_{A1[E3]<524>x4G333<25,3,4,17>.(q^2+E3^2)}(11,
-E3) W_G(L,c)=Z12:RLG failed
[Series(G34)]Failed
[Series(G34)]1/12-series R^{G34}_{A1[E3]<524>x4G333<25,3,4,17>.(q^2+E3^2)}(11,
E3^2) W_G(L,c)=Z12:RLG failed
[Series(G34)]Failed
[Series(G34)]1/12-series R^{G34}_{A1[E3]<524>x4G333<25,3,4,17>.(q^2+E3^2)}(2,
-E3) W_G(L,c)=Z12:RLG failed
[Series(G34)]Failed
[Series(G34)]1/12-series R^{G34}_{A1[E3]<524>x4G333<25,3,4,17>.(q^2+E3^2)}(2,
E3^2) W_G(L,c)=Z12:RLG failed
[Series(G34)]scals=[ [ 1 ], [ E(3) ] ] unimplemented
[Series(G34)]1/12-series R^{4G333<109,229,560,
656>xA1[E3]<3>.(q^2+E3^2)}_{A1[E3]<383>xA1[E3]<3>.(q^2+E3^2)^2}(11,11) W_G(L,
c)=Z3 eigenvalue ratios=[ 1, 1, E(3) ]
[Series(G34)]# WGL:144/288 fix c
[Series(G34)]# WGL:2/4 fix c
[Series(G34)]scals=[ [ 1 ], [ E(3) ] ] unimplemented
[Series(G34)]1/12-series R^{4G333<109,229,560,
656>xA1[E3]<3>.(q^2+E3^2)}_{A1[E3]<383>xA1[E3]<3>.(q^2+E3^2)^2}(11,2) W_G(L,
c)=Z3 eigenvalue ratios=[ 1, E(3), 1 ]
[Series(G34)]scals=[ [ 1 ], [ E(3) ] ] unimplemented
[Series(G34)]1/12-series R^{4G333<347,621,21,
429>xA1[E3]<385>.(q^2+E3^2)}_{A1[E3]<383>xA1[E3]<3>.(q^2+E3^2)^2}(11,2) W_G(L,
c)=Z3 eigenvalue ratios=[ 1, E(3)^2, 1 ]
[Series(G34)]# WGL:144/288 fix c
[Series(G34)]# WGL:2/4 fix c
[Series(G34)]scals=[ [ 1 ], [ E(3) ] ] unimplemented
[Series(G34)]1/12-series R^{4G333<109,229,560,
656>xA1[E3]<3>.(q^2+E3^2)}_{A1[E3]<383>xA1[E3]<3>.(q^2+E3^2)^2}(2,11) W_G(L,
c)=Z3 eigenvalue ratios=[ 1, E(3)^2, 1 ]
[Series(G34)]scals=[ [ 1 ], [ E(3) ] ] unimplemented
[Series(G34)]1/12-series R^{4G333<347,621,21,
429>xA1[E3]<385>.(q^2+E3^2)}_{A1[E3]<383>xA1[E3]<3>.(q^2+E3^2)^2}(2,11) W_G(L,
c)=Z3 eigenvalue ratios=[ 1, E(3), 1 ]
[Series(G34)]fixing dimension of variety by xiL-xiG=-4
[Series(G34)]scals=[ [ 1 ], [ E(3) ] ] unimplemented
[Series(G34)]fixing dimension of variety by xiL-xiG=-4
[Series(G34)]1/12-series R^{4G333<109,229,560,
656>xA1[E3]<3>.(q^2+E3^2)}_{A1[E3]<383>xA1[E3]<3>.(q^2+E3^2)^2}(2,2) W_G(L,c)=
Z3 eigenvalue ratios=[ 1, 1, E(3)^2 ]
[Series(G34)]fixing dimension of variety by xiL-xiG=4
[Series(G34)]should not have perm
[Series(G34)]should not have perm
[Series(G34)]1/15-series 
R^{G34}_{A1[E3^2].(q-E3^2)(q^4+E3^2q^3+E3q^2+q+E3^2)}(11) W_G(L,c)=Z30 
translation=15 actual eigen differ from predicted eigen
[Series(G34)]predicted=E(3)^2*actual
[Series(G34)]fixing dimension of variety by xiL-xiG=5
[Series(G34)]fixing dimension of variety to be divisible by e=30
[Series(G34)]should not have perm
[Series(G34)]Failed
[Series(G34)]1/18-series R^{G34}_{3'G333[-1]<25,3,4,169>.(q^3+E3^2)}(2..) 
W_G(L,c)=Z18:RLG failed
